[2024-04-16T23:34:37.141+0000] {processor.py:161} INFO - Started process (PID=72) to work on /home/airflow/.local/lib/python3.12/site-packages/airflow/example_dags/example_sensors.py
[2024-04-16T23:34:37.141+0000] {processor.py:830} INFO - Processing file /home/airflow/.local/lib/python3.12/site-packages/airflow/example_dags/example_sensors.py for tasks to queue
[2024-04-16T23:34:37.142+0000] {logging_mixin.py:188} INFO - [2024-04-16T23:34:37.142+0000] {dagbag.py:540} INFO - Filling up the DagBag from /home/airflow/.local/lib/python3.12/site-packages/airflow/example_dags/example_sensors.py
[2024-04-16T23:34:37.152+0000] {processor.py:840} INFO - DAG(s) 'example_sensors' retrieved from /home/airflow/.local/lib/python3.12/site-packages/airflow/example_dags/example_sensors.py
[2024-04-16T23:34:37.161+0000] {logging_mixin.py:188} INFO - [2024-04-16T23:34:37.161+0000] {dag.py:3096} INFO - Sync 1 DAGs
[2024-04-16T23:34:37.171+0000] {logging_mixin.py:188} INFO - [2024-04-16T23:34:37.171+0000] {dag.py:3954} INFO - Setting next_dagrun for example_sensors to None, run_after=None
[2024-04-16T23:34:37.186+0000] {processor.py:183} INFO - Processing /home/airflow/.local/lib/python3.12/site-packages/airflow/example_dags/example_sensors.py took 0.050 seconds
[2024-04-16T23:35:08.770+0000] {processor.py:161} INFO - Started process (PID=130) to work on /home/airflow/.local/lib/python3.12/site-packages/airflow/example_dags/example_sensors.py
[2024-04-16T23:35:08.771+0000] {processor.py:830} INFO - Processing file /home/airflow/.local/lib/python3.12/site-packages/airflow/example_dags/example_sensors.py for tasks to queue
[2024-04-16T23:35:08.772+0000] {logging_mixin.py:188} INFO - [2024-04-16T23:35:08.772+0000] {dagbag.py:540} INFO - Filling up the DagBag from /home/airflow/.local/lib/python3.12/site-packages/airflow/example_dags/example_sensors.py
[2024-04-16T23:35:08.779+0000] {processor.py:840} INFO - DAG(s) 'example_sensors' retrieved from /home/airflow/.local/lib/python3.12/site-packages/airflow/example_dags/example_sensors.py
[2024-04-16T23:35:08.867+0000] {logging_mixin.py:188} INFO - [2024-04-16T23:35:08.867+0000] {dag.py:3096} INFO - Sync 1 DAGs
[2024-04-16T23:35:08.875+0000] {logging_mixin.py:188} INFO - [2024-04-16T23:35:08.875+0000] {dag.py:3954} INFO - Setting next_dagrun for example_sensors to None, run_after=None
[2024-04-16T23:35:08.917+0000] {processor.py:183} INFO - Processing /home/airflow/.local/lib/python3.12/site-packages/airflow/example_dags/example_sensors.py took 0.151 seconds
[2024-04-16T23:35:39.878+0000] {processor.py:161} INFO - Started process (PID=188) to work on /home/airflow/.local/lib/python3.12/site-packages/airflow/example_dags/example_sensors.py
[2024-04-16T23:35:39.879+0000] {processor.py:830} INFO - Processing file /home/airflow/.local/lib/python3.12/site-packages/airflow/example_dags/example_sensors.py for tasks to queue
[2024-04-16T23:35:39.881+0000] {logging_mixin.py:188} INFO - [2024-04-16T23:35:39.880+0000] {dagbag.py:540} INFO - Filling up the DagBag from /home/airflow/.local/lib/python3.12/site-packages/airflow/example_dags/example_sensors.py
[2024-04-16T23:35:39.888+0000] {processor.py:840} INFO - DAG(s) 'example_sensors' retrieved from /home/airflow/.local/lib/python3.12/site-packages/airflow/example_dags/example_sensors.py
[2024-04-16T23:35:39.908+0000] {logging_mixin.py:188} INFO - [2024-04-16T23:35:39.908+0000] {dag.py:3096} INFO - Sync 1 DAGs
[2024-04-16T23:35:39.919+0000] {logging_mixin.py:188} INFO - [2024-04-16T23:35:39.919+0000] {dag.py:3954} INFO - Setting next_dagrun for example_sensors to None, run_after=None
[2024-04-16T23:35:39.936+0000] {processor.py:183} INFO - Processing /home/airflow/.local/lib/python3.12/site-packages/airflow/example_dags/example_sensors.py took 0.062 seconds
