[2024-04-16T23:34:35.707+0000] {processor.py:161} INFO - Started process (PID=52) to work on /home/airflow/.local/lib/python3.12/site-packages/airflow/example_dags/example_short_circuit_operator.py
[2024-04-16T23:34:35.708+0000] {processor.py:830} INFO - Processing file /home/airflow/.local/lib/python3.12/site-packages/airflow/example_dags/example_short_circuit_operator.py for tasks to queue
[2024-04-16T23:34:35.710+0000] {logging_mixin.py:188} INFO - [2024-04-16T23:34:35.710+0000] {dagbag.py:540} INFO - Filling up the DagBag from /home/airflow/.local/lib/python3.12/site-packages/airflow/example_dags/example_short_circuit_operator.py
[2024-04-16T23:34:35.723+0000] {processor.py:840} INFO - DAG(s) 'example_short_circuit_operator' retrieved from /home/airflow/.local/lib/python3.12/site-packages/airflow/example_dags/example_short_circuit_operator.py
[2024-04-16T23:34:35.733+0000] {logging_mixin.py:188} INFO - [2024-04-16T23:34:35.733+0000] {dag.py:3096} INFO - Sync 1 DAGs
[2024-04-16T23:34:35.753+0000] {logging_mixin.py:188} INFO - [2024-04-16T23:34:35.753+0000] {dag.py:3954} INFO - Setting next_dagrun for example_short_circuit_operator to 2024-04-15 00:00:00+00:00, run_after=2024-04-16 00:00:00+00:00
[2024-04-16T23:34:35.831+0000] {processor.py:183} INFO - Processing /home/airflow/.local/lib/python3.12/site-packages/airflow/example_dags/example_short_circuit_operator.py took 0.130 seconds
[2024-04-16T23:35:07.059+0000] {processor.py:161} INFO - Started process (PID=110) to work on /home/airflow/.local/lib/python3.12/site-packages/airflow/example_dags/example_short_circuit_operator.py
[2024-04-16T23:35:07.060+0000] {processor.py:830} INFO - Processing file /home/airflow/.local/lib/python3.12/site-packages/airflow/example_dags/example_short_circuit_operator.py for tasks to queue
[2024-04-16T23:35:07.061+0000] {logging_mixin.py:188} INFO - [2024-04-16T23:35:07.061+0000] {dagbag.py:540} INFO - Filling up the DagBag from /home/airflow/.local/lib/python3.12/site-packages/airflow/example_dags/example_short_circuit_operator.py
[2024-04-16T23:35:07.067+0000] {processor.py:840} INFO - DAG(s) 'example_short_circuit_operator' retrieved from /home/airflow/.local/lib/python3.12/site-packages/airflow/example_dags/example_short_circuit_operator.py
[2024-04-16T23:35:07.153+0000] {logging_mixin.py:188} INFO - [2024-04-16T23:35:07.153+0000] {dag.py:3096} INFO - Sync 1 DAGs
[2024-04-16T23:35:07.170+0000] {logging_mixin.py:188} INFO - [2024-04-16T23:35:07.169+0000] {dag.py:3954} INFO - Setting next_dagrun for example_short_circuit_operator to 2024-04-15 00:00:00+00:00, run_after=2024-04-16 00:00:00+00:00
[2024-04-16T23:35:07.212+0000] {processor.py:183} INFO - Processing /home/airflow/.local/lib/python3.12/site-packages/airflow/example_dags/example_short_circuit_operator.py took 0.158 seconds
[2024-04-16T23:35:37.897+0000] {processor.py:161} INFO - Started process (PID=168) to work on /home/airflow/.local/lib/python3.12/site-packages/airflow/example_dags/example_short_circuit_operator.py
[2024-04-16T23:35:37.898+0000] {processor.py:830} INFO - Processing file /home/airflow/.local/lib/python3.12/site-packages/airflow/example_dags/example_short_circuit_operator.py for tasks to queue
[2024-04-16T23:35:37.899+0000] {logging_mixin.py:188} INFO - [2024-04-16T23:35:37.899+0000] {dagbag.py:540} INFO - Filling up the DagBag from /home/airflow/.local/lib/python3.12/site-packages/airflow/example_dags/example_short_circuit_operator.py
[2024-04-16T23:35:37.904+0000] {processor.py:840} INFO - DAG(s) 'example_short_circuit_operator' retrieved from /home/airflow/.local/lib/python3.12/site-packages/airflow/example_dags/example_short_circuit_operator.py
[2024-04-16T23:35:37.922+0000] {logging_mixin.py:188} INFO - [2024-04-16T23:35:37.922+0000] {dag.py:3096} INFO - Sync 1 DAGs
[2024-04-16T23:35:37.939+0000] {logging_mixin.py:188} INFO - [2024-04-16T23:35:37.939+0000] {dag.py:3954} INFO - Setting next_dagrun for example_short_circuit_operator to 2024-04-15 00:00:00+00:00, run_after=2024-04-16 00:00:00+00:00
[2024-04-16T23:35:37.954+0000] {processor.py:183} INFO - Processing /home/airflow/.local/lib/python3.12/site-packages/airflow/example_dags/example_short_circuit_operator.py took 0.062 seconds
