[2024-04-16T23:34:37.349+0000] {processor.py:161} INFO - Started process (PID=79) to work on /home/airflow/.local/lib/python3.12/site-packages/airflow/example_dags/example_xcomargs.py
[2024-04-16T23:34:37.350+0000] {processor.py:830} INFO - Processing file /home/airflow/.local/lib/python3.12/site-packages/airflow/example_dags/example_xcomargs.py for tasks to queue
[2024-04-16T23:34:37.351+0000] {logging_mixin.py:188} INFO - [2024-04-16T23:34:37.351+0000] {dagbag.py:540} INFO - Filling up the DagBag from /home/airflow/.local/lib/python3.12/site-packages/airflow/example_dags/example_xcomargs.py
[2024-04-16T23:34:37.359+0000] {processor.py:840} INFO - DAG(s) 'example_xcom_args', 'example_xcom_args_with_operators' retrieved from /home/airflow/.local/lib/python3.12/site-packages/airflow/example_dags/example_xcomargs.py
[2024-04-16T23:34:37.368+0000] {logging_mixin.py:188} INFO - [2024-04-16T23:34:37.368+0000] {dag.py:3096} INFO - Sync 2 DAGs
[2024-04-16T23:34:37.379+0000] {logging_mixin.py:188} INFO - [2024-04-16T23:34:37.379+0000] {dag.py:3954} INFO - Setting next_dagrun for example_xcom_args to None, run_after=None
[2024-04-16T23:34:37.382+0000] {logging_mixin.py:188} INFO - [2024-04-16T23:34:37.382+0000] {dag.py:3954} INFO - Setting next_dagrun for example_xcom_args_with_operators to None, run_after=None
[2024-04-16T23:34:37.397+0000] {processor.py:183} INFO - Processing /home/airflow/.local/lib/python3.12/site-packages/airflow/example_dags/example_xcomargs.py took 0.052 seconds
[2024-04-16T23:35:09.438+0000] {processor.py:161} INFO - Started process (PID=137) to work on /home/airflow/.local/lib/python3.12/site-packages/airflow/example_dags/example_xcomargs.py
[2024-04-16T23:35:09.439+0000] {processor.py:830} INFO - Processing file /home/airflow/.local/lib/python3.12/site-packages/airflow/example_dags/example_xcomargs.py for tasks to queue
[2024-04-16T23:35:09.440+0000] {logging_mixin.py:188} INFO - [2024-04-16T23:35:09.440+0000] {dagbag.py:540} INFO - Filling up the DagBag from /home/airflow/.local/lib/python3.12/site-packages/airflow/example_dags/example_xcomargs.py
[2024-04-16T23:35:09.447+0000] {processor.py:840} INFO - DAG(s) 'example_xcom_args_with_operators', 'example_xcom_args' retrieved from /home/airflow/.local/lib/python3.12/site-packages/airflow/example_dags/example_xcomargs.py
[2024-04-16T23:35:09.565+0000] {logging_mixin.py:188} INFO - [2024-04-16T23:35:09.565+0000] {dag.py:3096} INFO - Sync 2 DAGs
[2024-04-16T23:35:09.574+0000] {logging_mixin.py:188} INFO - [2024-04-16T23:35:09.574+0000] {dag.py:3954} INFO - Setting next_dagrun for example_xcom_args to None, run_after=None
[2024-04-16T23:35:09.577+0000] {logging_mixin.py:188} INFO - [2024-04-16T23:35:09.577+0000] {dag.py:3954} INFO - Setting next_dagrun for example_xcom_args_with_operators to None, run_after=None
[2024-04-16T23:35:09.592+0000] {processor.py:183} INFO - Processing /home/airflow/.local/lib/python3.12/site-packages/airflow/example_dags/example_xcomargs.py took 0.160 seconds
[2024-04-16T23:35:40.116+0000] {processor.py:161} INFO - Started process (PID=195) to work on /home/airflow/.local/lib/python3.12/site-packages/airflow/example_dags/example_xcomargs.py
[2024-04-16T23:35:40.116+0000] {processor.py:830} INFO - Processing file /home/airflow/.local/lib/python3.12/site-packages/airflow/example_dags/example_xcomargs.py for tasks to queue
[2024-04-16T23:35:40.118+0000] {logging_mixin.py:188} INFO - [2024-04-16T23:35:40.117+0000] {dagbag.py:540} INFO - Filling up the DagBag from /home/airflow/.local/lib/python3.12/site-packages/airflow/example_dags/example_xcomargs.py
[2024-04-16T23:35:40.124+0000] {processor.py:840} INFO - DAG(s) 'example_xcom_args', 'example_xcom_args_with_operators' retrieved from /home/airflow/.local/lib/python3.12/site-packages/airflow/example_dags/example_xcomargs.py
[2024-04-16T23:35:40.142+0000] {logging_mixin.py:188} INFO - [2024-04-16T23:35:40.142+0000] {dag.py:3096} INFO - Sync 2 DAGs
[2024-04-16T23:35:40.153+0000] {logging_mixin.py:188} INFO - [2024-04-16T23:35:40.152+0000] {dag.py:3954} INFO - Setting next_dagrun for example_xcom_args to None, run_after=None
[2024-04-16T23:35:40.155+0000] {logging_mixin.py:188} INFO - [2024-04-16T23:35:40.155+0000] {dag.py:3954} INFO - Setting next_dagrun for example_xcom_args_with_operators to None, run_after=None
[2024-04-16T23:35:40.168+0000] {processor.py:183} INFO - Processing /home/airflow/.local/lib/python3.12/site-packages/airflow/example_dags/example_xcomargs.py took 0.058 seconds
