[2024-04-16T23:34:36.392+0000] {processor.py:161} INFO - Started process (PID=61) to work on /home/airflow/.local/lib/python3.12/site-packages/airflow/example_dags/example_skip_dag.py
[2024-04-16T23:34:36.393+0000] {processor.py:830} INFO - Processing file /home/airflow/.local/lib/python3.12/site-packages/airflow/example_dags/example_skip_dag.py for tasks to queue
[2024-04-16T23:34:36.394+0000] {logging_mixin.py:188} INFO - [2024-04-16T23:34:36.394+0000] {dagbag.py:540} INFO - Filling up the DagBag from /home/airflow/.local/lib/python3.12/site-packages/airflow/example_dags/example_skip_dag.py
[2024-04-16T23:34:36.400+0000] {processor.py:840} INFO - DAG(s) 'example_skip_dag' retrieved from /home/airflow/.local/lib/python3.12/site-packages/airflow/example_dags/example_skip_dag.py
[2024-04-16T23:34:36.409+0000] {logging_mixin.py:188} INFO - [2024-04-16T23:34:36.408+0000] {dag.py:3096} INFO - Sync 1 DAGs
[2024-04-16T23:34:36.427+0000] {logging_mixin.py:188} INFO - [2024-04-16T23:34:36.427+0000] {dag.py:3954} INFO - Setting next_dagrun for example_skip_dag to 2024-04-15 00:00:00+00:00, run_after=2024-04-16 00:00:00+00:00
[2024-04-16T23:34:36.451+0000] {processor.py:183} INFO - Processing /home/airflow/.local/lib/python3.12/site-packages/airflow/example_dags/example_skip_dag.py took 0.063 seconds
[2024-04-16T23:35:07.911+0000] {processor.py:161} INFO - Started process (PID=119) to work on /home/airflow/.local/lib/python3.12/site-packages/airflow/example_dags/example_skip_dag.py
[2024-04-16T23:35:07.912+0000] {processor.py:830} INFO - Processing file /home/airflow/.local/lib/python3.12/site-packages/airflow/example_dags/example_skip_dag.py for tasks to queue
[2024-04-16T23:35:07.913+0000] {logging_mixin.py:188} INFO - [2024-04-16T23:35:07.913+0000] {dagbag.py:540} INFO - Filling up the DagBag from /home/airflow/.local/lib/python3.12/site-packages/airflow/example_dags/example_skip_dag.py
[2024-04-16T23:35:07.919+0000] {processor.py:840} INFO - DAG(s) 'example_skip_dag' retrieved from /home/airflow/.local/lib/python3.12/site-packages/airflow/example_dags/example_skip_dag.py
[2024-04-16T23:35:08.001+0000] {logging_mixin.py:188} INFO - [2024-04-16T23:35:08.001+0000] {dag.py:3096} INFO - Sync 1 DAGs
[2024-04-16T23:35:08.018+0000] {logging_mixin.py:188} INFO - [2024-04-16T23:35:08.018+0000] {dag.py:3954} INFO - Setting next_dagrun for example_skip_dag to 2024-04-15 00:00:00+00:00, run_after=2024-04-16 00:00:00+00:00
[2024-04-16T23:35:08.032+0000] {processor.py:183} INFO - Processing /home/airflow/.local/lib/python3.12/site-packages/airflow/example_dags/example_skip_dag.py took 0.126 seconds
[2024-04-16T23:35:38.296+0000] {processor.py:161} INFO - Started process (PID=177) to work on /home/airflow/.local/lib/python3.12/site-packages/airflow/example_dags/example_skip_dag.py
[2024-04-16T23:35:38.297+0000] {processor.py:830} INFO - Processing file /home/airflow/.local/lib/python3.12/site-packages/airflow/example_dags/example_skip_dag.py for tasks to queue
[2024-04-16T23:35:38.298+0000] {logging_mixin.py:188} INFO - [2024-04-16T23:35:38.298+0000] {dagbag.py:540} INFO - Filling up the DagBag from /home/airflow/.local/lib/python3.12/site-packages/airflow/example_dags/example_skip_dag.py
[2024-04-16T23:35:38.303+0000] {processor.py:840} INFO - DAG(s) 'example_skip_dag' retrieved from /home/airflow/.local/lib/python3.12/site-packages/airflow/example_dags/example_skip_dag.py
[2024-04-16T23:35:38.319+0000] {logging_mixin.py:188} INFO - [2024-04-16T23:35:38.318+0000] {dag.py:3096} INFO - Sync 1 DAGs
[2024-04-16T23:35:38.336+0000] {logging_mixin.py:188} INFO - [2024-04-16T23:35:38.336+0000] {dag.py:3954} INFO - Setting next_dagrun for example_skip_dag to 2024-04-15 00:00:00+00:00, run_after=2024-04-16 00:00:00+00:00
[2024-04-16T23:35:38.351+0000] {processor.py:183} INFO - Processing /home/airflow/.local/lib/python3.12/site-packages/airflow/example_dags/example_skip_dag.py took 0.059 seconds
