[2024-04-16T23:34:37.145+0000] {processor.py:161} INFO - Started process (PID=73) to work on /home/airflow/.local/lib/python3.12/site-packages/airflow/example_dags/example_python_operator.py
[2024-04-16T23:34:37.145+0000] {processor.py:830} INFO - Processing file /home/airflow/.local/lib/python3.12/site-packages/airflow/example_dags/example_python_operator.py for tasks to queue
[2024-04-16T23:34:37.146+0000] {logging_mixin.py:188} INFO - [2024-04-16T23:34:37.146+0000] {dagbag.py:540} INFO - Filling up the DagBag from /home/airflow/.local/lib/python3.12/site-packages/airflow/example_dags/example_python_operator.py
[2024-04-16T23:34:37.157+0000] {processor.py:840} INFO - DAG(s) 'example_python_operator' retrieved from /home/airflow/.local/lib/python3.12/site-packages/airflow/example_dags/example_python_operator.py
[2024-04-16T23:34:37.166+0000] {logging_mixin.py:188} INFO - [2024-04-16T23:34:37.166+0000] {dag.py:3096} INFO - Sync 1 DAGs
[2024-04-16T23:34:37.176+0000] {logging_mixin.py:188} INFO - [2024-04-16T23:34:37.176+0000] {dag.py:3954} INFO - Setting next_dagrun for example_python_operator to None, run_after=None
[2024-04-16T23:34:37.193+0000] {processor.py:183} INFO - Processing /home/airflow/.local/lib/python3.12/site-packages/airflow/example_dags/example_python_operator.py took 0.052 seconds
[2024-04-16T23:35:08.803+0000] {processor.py:161} INFO - Started process (PID=131) to work on /home/airflow/.local/lib/python3.12/site-packages/airflow/example_dags/example_python_operator.py
[2024-04-16T23:35:08.804+0000] {processor.py:830} INFO - Processing file /home/airflow/.local/lib/python3.12/site-packages/airflow/example_dags/example_python_operator.py for tasks to queue
[2024-04-16T23:35:08.805+0000] {logging_mixin.py:188} INFO - [2024-04-16T23:35:08.805+0000] {dagbag.py:540} INFO - Filling up the DagBag from /home/airflow/.local/lib/python3.12/site-packages/airflow/example_dags/example_python_operator.py
[2024-04-16T23:35:08.813+0000] {processor.py:840} INFO - DAG(s) 'example_python_operator' retrieved from /home/airflow/.local/lib/python3.12/site-packages/airflow/example_dags/example_python_operator.py
[2024-04-16T23:35:08.894+0000] {logging_mixin.py:188} INFO - [2024-04-16T23:35:08.894+0000] {dag.py:3096} INFO - Sync 1 DAGs
[2024-04-16T23:35:08.903+0000] {logging_mixin.py:188} INFO - [2024-04-16T23:35:08.902+0000] {dag.py:3954} INFO - Setting next_dagrun for example_python_operator to None, run_after=None
[2024-04-16T23:35:08.930+0000] {processor.py:183} INFO - Processing /home/airflow/.local/lib/python3.12/site-packages/airflow/example_dags/example_python_operator.py took 0.131 seconds
[2024-04-16T23:35:39.901+0000] {processor.py:161} INFO - Started process (PID=189) to work on /home/airflow/.local/lib/python3.12/site-packages/airflow/example_dags/example_python_operator.py
[2024-04-16T23:35:39.902+0000] {processor.py:830} INFO - Processing file /home/airflow/.local/lib/python3.12/site-packages/airflow/example_dags/example_python_operator.py for tasks to queue
[2024-04-16T23:35:39.903+0000] {logging_mixin.py:188} INFO - [2024-04-16T23:35:39.903+0000] {dagbag.py:540} INFO - Filling up the DagBag from /home/airflow/.local/lib/python3.12/site-packages/airflow/example_dags/example_python_operator.py
[2024-04-16T23:35:39.911+0000] {processor.py:840} INFO - DAG(s) 'example_python_operator' retrieved from /home/airflow/.local/lib/python3.12/site-packages/airflow/example_dags/example_python_operator.py
[2024-04-16T23:35:39.928+0000] {logging_mixin.py:188} INFO - [2024-04-16T23:35:39.928+0000] {dag.py:3096} INFO - Sync 1 DAGs
[2024-04-16T23:35:39.939+0000] {logging_mixin.py:188} INFO - [2024-04-16T23:35:39.939+0000] {dag.py:3954} INFO - Setting next_dagrun for example_python_operator to None, run_after=None
[2024-04-16T23:35:39.955+0000] {processor.py:183} INFO - Processing /home/airflow/.local/lib/python3.12/site-packages/airflow/example_dags/example_python_operator.py took 0.058 seconds
