[2024-04-16T23:34:36.482+0000] {processor.py:161} INFO - Started process (PID=63) to work on /home/airflow/.local/lib/python3.12/site-packages/airflow/example_dags/example_display_name.py
[2024-04-16T23:34:36.483+0000] {processor.py:830} INFO - Processing file /home/airflow/.local/lib/python3.12/site-packages/airflow/example_dags/example_display_name.py for tasks to queue
[2024-04-16T23:34:36.485+0000] {logging_mixin.py:188} INFO - [2024-04-16T23:34:36.485+0000] {dagbag.py:540} INFO - Filling up the DagBag from /home/airflow/.local/lib/python3.12/site-packages/airflow/example_dags/example_display_name.py
[2024-04-16T23:34:36.498+0000] {processor.py:840} INFO - DAG(s) 'example_display_name' retrieved from /home/airflow/.local/lib/python3.12/site-packages/airflow/example_dags/example_display_name.py
[2024-04-16T23:34:36.514+0000] {logging_mixin.py:188} INFO - [2024-04-16T23:34:36.514+0000] {dag.py:3096} INFO - Sync 1 DAGs
[2024-04-16T23:34:36.527+0000] {logging_mixin.py:188} INFO - [2024-04-16T23:34:36.527+0000] {dag.py:3954} INFO - Setting next_dagrun for example_display_name to None, run_after=None
[2024-04-16T23:34:36.568+0000] {processor.py:183} INFO - Processing /home/airflow/.local/lib/python3.12/site-packages/airflow/example_dags/example_display_name.py took 0.099 seconds
[2024-04-16T23:35:08.048+0000] {processor.py:161} INFO - Started process (PID=121) to work on /home/airflow/.local/lib/python3.12/site-packages/airflow/example_dags/example_display_name.py
[2024-04-16T23:35:08.049+0000] {processor.py:830} INFO - Processing file /home/airflow/.local/lib/python3.12/site-packages/airflow/example_dags/example_display_name.py for tasks to queue
[2024-04-16T23:35:08.050+0000] {logging_mixin.py:188} INFO - [2024-04-16T23:35:08.050+0000] {dagbag.py:540} INFO - Filling up the DagBag from /home/airflow/.local/lib/python3.12/site-packages/airflow/example_dags/example_display_name.py
[2024-04-16T23:35:08.054+0000] {processor.py:840} INFO - DAG(s) 'example_display_name' retrieved from /home/airflow/.local/lib/python3.12/site-packages/airflow/example_dags/example_display_name.py
[2024-04-16T23:35:08.139+0000] {logging_mixin.py:188} INFO - [2024-04-16T23:35:08.139+0000] {dag.py:3096} INFO - Sync 1 DAGs
[2024-04-16T23:35:08.150+0000] {logging_mixin.py:188} INFO - [2024-04-16T23:35:08.149+0000] {dag.py:3954} INFO - Setting next_dagrun for example_display_name to None, run_after=None
[2024-04-16T23:35:08.167+0000] {processor.py:183} INFO - Processing /home/airflow/.local/lib/python3.12/site-packages/airflow/example_dags/example_display_name.py took 0.123 seconds
[2024-04-16T23:35:38.366+0000] {processor.py:161} INFO - Started process (PID=179) to work on /home/airflow/.local/lib/python3.12/site-packages/airflow/example_dags/example_display_name.py
[2024-04-16T23:35:38.367+0000] {processor.py:830} INFO - Processing file /home/airflow/.local/lib/python3.12/site-packages/airflow/example_dags/example_display_name.py for tasks to queue
[2024-04-16T23:35:38.368+0000] {logging_mixin.py:188} INFO - [2024-04-16T23:35:38.368+0000] {dagbag.py:540} INFO - Filling up the DagBag from /home/airflow/.local/lib/python3.12/site-packages/airflow/example_dags/example_display_name.py
[2024-04-16T23:35:38.372+0000] {processor.py:840} INFO - DAG(s) 'example_display_name' retrieved from /home/airflow/.local/lib/python3.12/site-packages/airflow/example_dags/example_display_name.py
[2024-04-16T23:35:38.387+0000] {logging_mixin.py:188} INFO - [2024-04-16T23:35:38.386+0000] {dag.py:3096} INFO - Sync 1 DAGs
[2024-04-16T23:35:38.397+0000] {logging_mixin.py:188} INFO - [2024-04-16T23:35:38.397+0000] {dag.py:3954} INFO - Setting next_dagrun for example_display_name to None, run_after=None
[2024-04-16T23:35:38.411+0000] {processor.py:183} INFO - Processing /home/airflow/.local/lib/python3.12/site-packages/airflow/example_dags/example_display_name.py took 0.049 seconds
