[2024-04-16T23:34:36.948+0000] {processor.py:161} INFO - Started process (PID=70) to work on /home/airflow/.local/lib/python3.12/site-packages/airflow/example_dags/example_setup_teardown.py
[2024-04-16T23:34:36.948+0000] {processor.py:830} INFO - Processing file /home/airflow/.local/lib/python3.12/site-packages/airflow/example_dags/example_setup_teardown.py for tasks to queue
[2024-04-16T23:34:36.950+0000] {logging_mixin.py:188} INFO - [2024-04-16T23:34:36.949+0000] {dagbag.py:540} INFO - Filling up the DagBag from /home/airflow/.local/lib/python3.12/site-packages/airflow/example_dags/example_setup_teardown.py
[2024-04-16T23:34:36.957+0000] {processor.py:840} INFO - DAG(s) 'example_setup_teardown' retrieved from /home/airflow/.local/lib/python3.12/site-packages/airflow/example_dags/example_setup_teardown.py
[2024-04-16T23:34:36.967+0000] {logging_mixin.py:188} INFO - [2024-04-16T23:34:36.967+0000] {dag.py:3096} INFO - Sync 1 DAGs
[2024-04-16T23:34:36.985+0000] {logging_mixin.py:188} INFO - [2024-04-16T23:34:36.985+0000] {dag.py:3954} INFO - Setting next_dagrun for example_setup_teardown to 2024-04-15 00:00:00+00:00, run_after=2024-04-16 00:00:00+00:00
[2024-04-16T23:34:37.054+0000] {processor.py:183} INFO - Processing /home/airflow/.local/lib/python3.12/site-packages/airflow/example_dags/example_setup_teardown.py took 0.111 seconds
[2024-04-16T23:35:08.606+0000] {processor.py:161} INFO - Started process (PID=128) to work on /home/airflow/.local/lib/python3.12/site-packages/airflow/example_dags/example_setup_teardown.py
[2024-04-16T23:35:08.607+0000] {processor.py:830} INFO - Processing file /home/airflow/.local/lib/python3.12/site-packages/airflow/example_dags/example_setup_teardown.py for tasks to queue
[2024-04-16T23:35:08.608+0000] {logging_mixin.py:188} INFO - [2024-04-16T23:35:08.608+0000] {dagbag.py:540} INFO - Filling up the DagBag from /home/airflow/.local/lib/python3.12/site-packages/airflow/example_dags/example_setup_teardown.py
[2024-04-16T23:35:08.613+0000] {processor.py:840} INFO - DAG(s) 'example_setup_teardown' retrieved from /home/airflow/.local/lib/python3.12/site-packages/airflow/example_dags/example_setup_teardown.py
[2024-04-16T23:35:08.694+0000] {logging_mixin.py:188} INFO - [2024-04-16T23:35:08.694+0000] {dag.py:3096} INFO - Sync 1 DAGs
[2024-04-16T23:35:08.712+0000] {logging_mixin.py:188} INFO - [2024-04-16T23:35:08.712+0000] {dag.py:3954} INFO - Setting next_dagrun for example_setup_teardown to 2024-04-15 00:00:00+00:00, run_after=2024-04-16 00:00:00+00:00
[2024-04-16T23:35:08.753+0000] {processor.py:183} INFO - Processing /home/airflow/.local/lib/python3.12/site-packages/airflow/example_dags/example_setup_teardown.py took 0.151 seconds
[2024-04-16T23:35:39.694+0000] {processor.py:161} INFO - Started process (PID=186) to work on /home/airflow/.local/lib/python3.12/site-packages/airflow/example_dags/example_setup_teardown.py
[2024-04-16T23:35:39.695+0000] {processor.py:830} INFO - Processing file /home/airflow/.local/lib/python3.12/site-packages/airflow/example_dags/example_setup_teardown.py for tasks to queue
[2024-04-16T23:35:39.696+0000] {logging_mixin.py:188} INFO - [2024-04-16T23:35:39.696+0000] {dagbag.py:540} INFO - Filling up the DagBag from /home/airflow/.local/lib/python3.12/site-packages/airflow/example_dags/example_setup_teardown.py
[2024-04-16T23:35:39.704+0000] {processor.py:840} INFO - DAG(s) 'example_setup_teardown' retrieved from /home/airflow/.local/lib/python3.12/site-packages/airflow/example_dags/example_setup_teardown.py
[2024-04-16T23:35:39.722+0000] {logging_mixin.py:188} INFO - [2024-04-16T23:35:39.722+0000] {dag.py:3096} INFO - Sync 1 DAGs
[2024-04-16T23:35:39.747+0000] {logging_mixin.py:188} INFO - [2024-04-16T23:35:39.747+0000] {dag.py:3954} INFO - Setting next_dagrun for example_setup_teardown to 2024-04-15 00:00:00+00:00, run_after=2024-04-16 00:00:00+00:00
[2024-04-16T23:35:39.772+0000] {processor.py:183} INFO - Processing /home/airflow/.local/lib/python3.12/site-packages/airflow/example_dags/example_setup_teardown.py took 0.085 seconds
