[2024-04-16T23:34:35.848+0000] {processor.py:161} INFO - Started process (PID=54) to work on /home/airflow/.local/lib/python3.12/site-packages/airflow/example_dags/example_sla_dag.py
[2024-04-16T23:34:35.848+0000] {processor.py:830} INFO - Processing file /home/airflow/.local/lib/python3.12/site-packages/airflow/example_dags/example_sla_dag.py for tasks to queue
[2024-04-16T23:34:35.850+0000] {logging_mixin.py:188} INFO - [2024-04-16T23:34:35.849+0000] {dagbag.py:540} INFO - Filling up the DagBag from /home/airflow/.local/lib/python3.12/site-packages/airflow/example_dags/example_sla_dag.py
[2024-04-16T23:34:35.858+0000] {processor.py:840} INFO - DAG(s) 'example_sla_dag' retrieved from /home/airflow/.local/lib/python3.12/site-packages/airflow/example_dags/example_sla_dag.py
[2024-04-16T23:34:35.867+0000] {logging_mixin.py:188} INFO - [2024-04-16T23:34:35.867+0000] {dag.py:3096} INFO - Sync 1 DAGs
[2024-04-16T23:34:35.889+0000] {logging_mixin.py:188} INFO - [2024-04-16T23:34:35.889+0000] {dag.py:3954} INFO - Setting next_dagrun for example_sla_dag to 2024-04-16 23:32:00+00:00, run_after=2024-04-16 23:34:00+00:00
[2024-04-16T23:34:35.982+0000] {processor.py:183} INFO - Processing /home/airflow/.local/lib/python3.12/site-packages/airflow/example_dags/example_sla_dag.py took 0.139 seconds
[2024-04-16T23:35:07.230+0000] {processor.py:161} INFO - Started process (PID=112) to work on /home/airflow/.local/lib/python3.12/site-packages/airflow/example_dags/example_sla_dag.py
[2024-04-16T23:35:07.230+0000] {processor.py:830} INFO - Processing file /home/airflow/.local/lib/python3.12/site-packages/airflow/example_dags/example_sla_dag.py for tasks to queue
[2024-04-16T23:35:07.232+0000] {logging_mixin.py:188} INFO - [2024-04-16T23:35:07.231+0000] {dagbag.py:540} INFO - Filling up the DagBag from /home/airflow/.local/lib/python3.12/site-packages/airflow/example_dags/example_sla_dag.py
[2024-04-16T23:35:07.238+0000] {processor.py:840} INFO - DAG(s) 'example_sla_dag' retrieved from /home/airflow/.local/lib/python3.12/site-packages/airflow/example_dags/example_sla_dag.py
[2024-04-16T23:35:07.315+0000] {logging_mixin.py:188} INFO - [2024-04-16T23:35:07.314+0000] {dag.py:3096} INFO - Sync 1 DAGs
[2024-04-16T23:35:07.332+0000] {logging_mixin.py:188} INFO - [2024-04-16T23:35:07.332+0000] {dag.py:3954} INFO - Setting next_dagrun for example_sla_dag to 2024-04-16 23:32:00+00:00, run_after=2024-04-16 23:34:00+00:00
[2024-04-16T23:35:07.374+0000] {processor.py:183} INFO - Processing /home/airflow/.local/lib/python3.12/site-packages/airflow/example_dags/example_sla_dag.py took 0.149 seconds
[2024-04-16T23:35:37.969+0000] {processor.py:161} INFO - Started process (PID=170) to work on /home/airflow/.local/lib/python3.12/site-packages/airflow/example_dags/example_sla_dag.py
[2024-04-16T23:35:37.970+0000] {processor.py:830} INFO - Processing file /home/airflow/.local/lib/python3.12/site-packages/airflow/example_dags/example_sla_dag.py for tasks to queue
[2024-04-16T23:35:37.971+0000] {logging_mixin.py:188} INFO - [2024-04-16T23:35:37.971+0000] {dagbag.py:540} INFO - Filling up the DagBag from /home/airflow/.local/lib/python3.12/site-packages/airflow/example_dags/example_sla_dag.py
[2024-04-16T23:35:37.977+0000] {processor.py:840} INFO - DAG(s) 'example_sla_dag' retrieved from /home/airflow/.local/lib/python3.12/site-packages/airflow/example_dags/example_sla_dag.py
[2024-04-16T23:35:37.991+0000] {logging_mixin.py:188} INFO - [2024-04-16T23:35:37.991+0000] {dag.py:3096} INFO - Sync 1 DAGs
[2024-04-16T23:35:38.009+0000] {logging_mixin.py:188} INFO - [2024-04-16T23:35:38.009+0000] {dag.py:3954} INFO - Setting next_dagrun for example_sla_dag to 2024-04-16 23:32:00+00:00, run_after=2024-04-16 23:34:00+00:00
[2024-04-16T23:35:38.024+0000] {processor.py:183} INFO - Processing /home/airflow/.local/lib/python3.12/site-packages/airflow/example_dags/example_sla_dag.py took 0.059 seconds
