[2024-04-16T23:34:36.720+0000] {processor.py:161} INFO - Started process (PID=68) to work on /home/airflow/.local/lib/python3.12/site-packages/airflow/example_dags/example_dag_decorator.py
[2024-04-16T23:34:36.721+0000] {processor.py:830} INFO - Processing file /home/airflow/.local/lib/python3.12/site-packages/airflow/example_dags/example_dag_decorator.py for tasks to queue
[2024-04-16T23:34:36.722+0000] {logging_mixin.py:188} INFO - [2024-04-16T23:34:36.722+0000] {dagbag.py:540} INFO - Filling up the DagBag from /home/airflow/.local/lib/python3.12/site-packages/airflow/example_dags/example_dag_decorator.py
[2024-04-16T23:34:36.937+0000] {processor.py:840} INFO - DAG(s) 'example_dag_decorator' retrieved from /home/airflow/.local/lib/python3.12/site-packages/airflow/example_dags/example_dag_decorator.py
[2024-04-16T23:34:36.945+0000] {logging_mixin.py:188} INFO - [2024-04-16T23:34:36.945+0000] {dag.py:3096} INFO - Sync 1 DAGs
[2024-04-16T23:34:36.957+0000] {logging_mixin.py:188} INFO - [2024-04-16T23:34:36.957+0000] {dag.py:3954} INFO - Setting next_dagrun for example_dag_decorator to None, run_after=None
[2024-04-16T23:34:37.054+0000] {processor.py:183} INFO - Processing /home/airflow/.local/lib/python3.12/site-packages/airflow/example_dags/example_dag_decorator.py took 0.338 seconds
[2024-04-16T23:35:08.398+0000] {processor.py:161} INFO - Started process (PID=126) to work on /home/airflow/.local/lib/python3.12/site-packages/airflow/example_dags/example_dag_decorator.py
[2024-04-16T23:35:08.399+0000] {processor.py:830} INFO - Processing file /home/airflow/.local/lib/python3.12/site-packages/airflow/example_dags/example_dag_decorator.py for tasks to queue
[2024-04-16T23:35:08.400+0000] {logging_mixin.py:188} INFO - [2024-04-16T23:35:08.400+0000] {dagbag.py:540} INFO - Filling up the DagBag from /home/airflow/.local/lib/python3.12/site-packages/airflow/example_dags/example_dag_decorator.py
[2024-04-16T23:35:08.475+0000] {processor.py:840} INFO - DAG(s) 'example_dag_decorator' retrieved from /home/airflow/.local/lib/python3.12/site-packages/airflow/example_dags/example_dag_decorator.py
[2024-04-16T23:35:08.567+0000] {logging_mixin.py:188} INFO - [2024-04-16T23:35:08.567+0000] {dag.py:3096} INFO - Sync 1 DAGs
[2024-04-16T23:35:08.576+0000] {logging_mixin.py:188} INFO - [2024-04-16T23:35:08.575+0000] {dag.py:3954} INFO - Setting next_dagrun for example_dag_decorator to None, run_after=None
[2024-04-16T23:35:08.591+0000] {processor.py:183} INFO - Processing /home/airflow/.local/lib/python3.12/site-packages/airflow/example_dags/example_dag_decorator.py took 0.198 seconds
[2024-04-16T23:35:39.506+0000] {processor.py:161} INFO - Started process (PID=184) to work on /home/airflow/.local/lib/python3.12/site-packages/airflow/example_dags/example_dag_decorator.py
[2024-04-16T23:35:39.509+0000] {processor.py:830} INFO - Processing file /home/airflow/.local/lib/python3.12/site-packages/airflow/example_dags/example_dag_decorator.py for tasks to queue
[2024-04-16T23:35:39.510+0000] {logging_mixin.py:188} INFO - [2024-04-16T23:35:39.510+0000] {dagbag.py:540} INFO - Filling up the DagBag from /home/airflow/.local/lib/python3.12/site-packages/airflow/example_dags/example_dag_decorator.py
[2024-04-16T23:35:39.627+0000] {processor.py:840} INFO - DAG(s) 'example_dag_decorator' retrieved from /home/airflow/.local/lib/python3.12/site-packages/airflow/example_dags/example_dag_decorator.py
[2024-04-16T23:35:39.733+0000] {logging_mixin.py:188} INFO - [2024-04-16T23:35:39.733+0000] {dag.py:3096} INFO - Sync 1 DAGs
[2024-04-16T23:35:39.748+0000] {logging_mixin.py:188} INFO - [2024-04-16T23:35:39.748+0000] {dag.py:3954} INFO - Setting next_dagrun for example_dag_decorator to None, run_after=None
[2024-04-16T23:35:39.882+0000] {processor.py:183} INFO - Processing /home/airflow/.local/lib/python3.12/site-packages/airflow/example_dags/example_dag_decorator.py took 0.381 seconds
