[2024-04-16T23:34:35.899+0000] {processor.py:161} INFO - Started process (PID=55) to work on /home/airflow/.local/lib/python3.12/site-packages/airflow/example_dags/example_complex.py
[2024-04-16T23:34:35.900+0000] {processor.py:830} INFO - Processing file /home/airflow/.local/lib/python3.12/site-packages/airflow/example_dags/example_complex.py for tasks to queue
[2024-04-16T23:34:35.901+0000] {logging_mixin.py:188} INFO - [2024-04-16T23:34:35.901+0000] {dagbag.py:540} INFO - Filling up the DagBag from /home/airflow/.local/lib/python3.12/site-packages/airflow/example_dags/example_complex.py
[2024-04-16T23:34:35.919+0000] {processor.py:840} INFO - DAG(s) 'example_complex' retrieved from /home/airflow/.local/lib/python3.12/site-packages/airflow/example_dags/example_complex.py
[2024-04-16T23:34:35.930+0000] {logging_mixin.py:188} INFO - [2024-04-16T23:34:35.929+0000] {dag.py:3096} INFO - Sync 1 DAGs
[2024-04-16T23:34:35.943+0000] {logging_mixin.py:188} INFO - [2024-04-16T23:34:35.943+0000] {dag.py:3954} INFO - Setting next_dagrun for example_complex to None, run_after=None
[2024-04-16T23:34:36.015+0000] {processor.py:183} INFO - Processing /home/airflow/.local/lib/python3.12/site-packages/airflow/example_dags/example_complex.py took 0.121 seconds
[2024-04-16T23:35:07.390+0000] {processor.py:161} INFO - Started process (PID=113) to work on /home/airflow/.local/lib/python3.12/site-packages/airflow/example_dags/example_complex.py
[2024-04-16T23:35:07.391+0000] {processor.py:830} INFO - Processing file /home/airflow/.local/lib/python3.12/site-packages/airflow/example_dags/example_complex.py for tasks to queue
[2024-04-16T23:35:07.392+0000] {logging_mixin.py:188} INFO - [2024-04-16T23:35:07.392+0000] {dagbag.py:540} INFO - Filling up the DagBag from /home/airflow/.local/lib/python3.12/site-packages/airflow/example_dags/example_complex.py
[2024-04-16T23:35:07.401+0000] {processor.py:840} INFO - DAG(s) 'example_complex' retrieved from /home/airflow/.local/lib/python3.12/site-packages/airflow/example_dags/example_complex.py
[2024-04-16T23:35:07.499+0000] {logging_mixin.py:188} INFO - [2024-04-16T23:35:07.499+0000] {dag.py:3096} INFO - Sync 1 DAGs
[2024-04-16T23:35:07.508+0000] {logging_mixin.py:188} INFO - [2024-04-16T23:35:07.508+0000] {dag.py:3954} INFO - Setting next_dagrun for example_complex to None, run_after=None
[2024-04-16T23:35:07.556+0000] {processor.py:183} INFO - Processing /home/airflow/.local/lib/python3.12/site-packages/airflow/example_dags/example_complex.py took 0.171 seconds
[2024-04-16T23:35:38.029+0000] {processor.py:161} INFO - Started process (PID=171) to work on /home/airflow/.local/lib/python3.12/site-packages/airflow/example_dags/example_complex.py
[2024-04-16T23:35:38.031+0000] {processor.py:830} INFO - Processing file /home/airflow/.local/lib/python3.12/site-packages/airflow/example_dags/example_complex.py for tasks to queue
[2024-04-16T23:35:38.032+0000] {logging_mixin.py:188} INFO - [2024-04-16T23:35:38.032+0000] {dagbag.py:540} INFO - Filling up the DagBag from /home/airflow/.local/lib/python3.12/site-packages/airflow/example_dags/example_complex.py
[2024-04-16T23:35:38.040+0000] {processor.py:840} INFO - DAG(s) 'example_complex' retrieved from /home/airflow/.local/lib/python3.12/site-packages/airflow/example_dags/example_complex.py
[2024-04-16T23:35:38.065+0000] {logging_mixin.py:188} INFO - [2024-04-16T23:35:38.065+0000] {dag.py:3096} INFO - Sync 1 DAGs
[2024-04-16T23:35:38.075+0000] {logging_mixin.py:188} INFO - [2024-04-16T23:35:38.074+0000] {dag.py:3954} INFO - Setting next_dagrun for example_complex to None, run_after=None
[2024-04-16T23:35:38.089+0000] {processor.py:183} INFO - Processing /home/airflow/.local/lib/python3.12/site-packages/airflow/example_dags/example_complex.py took 0.064 seconds
