[2024-04-16T23:34:37.260+0000] {processor.py:161} INFO - Started process (PID=76) to work on /home/airflow/.local/lib/python3.12/site-packages/airflow/example_dags/example_bash_operator.py
[2024-04-16T23:34:37.261+0000] {processor.py:830} INFO - Processing file /home/airflow/.local/lib/python3.12/site-packages/airflow/example_dags/example_bash_operator.py for tasks to queue
[2024-04-16T23:34:37.262+0000] {logging_mixin.py:188} INFO - [2024-04-16T23:34:37.262+0000] {dagbag.py:540} INFO - Filling up the DagBag from /home/airflow/.local/lib/python3.12/site-packages/airflow/example_dags/example_bash_operator.py
[2024-04-16T23:34:37.272+0000] {processor.py:840} INFO - DAG(s) 'example_bash_operator' retrieved from /home/airflow/.local/lib/python3.12/site-packages/airflow/example_dags/example_bash_operator.py
[2024-04-16T23:34:37.280+0000] {logging_mixin.py:188} INFO - [2024-04-16T23:34:37.280+0000] {dag.py:3096} INFO - Sync 1 DAGs
[2024-04-16T23:34:37.299+0000] {logging_mixin.py:188} INFO - [2024-04-16T23:34:37.299+0000] {dag.py:3954} INFO - Setting next_dagrun for example_bash_operator to 2024-04-15 00:00:00+00:00, run_after=2024-04-16 00:00:00+00:00
[2024-04-16T23:34:37.315+0000] {processor.py:183} INFO - Processing /home/airflow/.local/lib/python3.12/site-packages/airflow/example_dags/example_bash_operator.py took 0.060 seconds
[2024-04-16T23:35:09.089+0000] {processor.py:161} INFO - Started process (PID=134) to work on /home/airflow/.local/lib/python3.12/site-packages/airflow/example_dags/example_bash_operator.py
[2024-04-16T23:35:09.090+0000] {processor.py:830} INFO - Processing file /home/airflow/.local/lib/python3.12/site-packages/airflow/example_dags/example_bash_operator.py for tasks to queue
[2024-04-16T23:35:09.091+0000] {logging_mixin.py:188} INFO - [2024-04-16T23:35:09.091+0000] {dagbag.py:540} INFO - Filling up the DagBag from /home/airflow/.local/lib/python3.12/site-packages/airflow/example_dags/example_bash_operator.py
[2024-04-16T23:35:09.101+0000] {processor.py:840} INFO - DAG(s) 'example_bash_operator' retrieved from /home/airflow/.local/lib/python3.12/site-packages/airflow/example_dags/example_bash_operator.py
[2024-04-16T23:35:09.216+0000] {logging_mixin.py:188} INFO - [2024-04-16T23:35:09.216+0000] {dag.py:3096} INFO - Sync 1 DAGs
[2024-04-16T23:35:09.238+0000] {logging_mixin.py:188} INFO - [2024-04-16T23:35:09.238+0000] {dag.py:3954} INFO - Setting next_dagrun for example_bash_operator to 2024-04-15 00:00:00+00:00, run_after=2024-04-16 00:00:00+00:00
[2024-04-16T23:35:09.258+0000] {processor.py:183} INFO - Processing /home/airflow/.local/lib/python3.12/site-packages/airflow/example_dags/example_bash_operator.py took 0.173 seconds
[2024-04-16T23:35:40.015+0000] {processor.py:161} INFO - Started process (PID=192) to work on /home/airflow/.local/lib/python3.12/site-packages/airflow/example_dags/example_bash_operator.py
[2024-04-16T23:35:40.016+0000] {processor.py:830} INFO - Processing file /home/airflow/.local/lib/python3.12/site-packages/airflow/example_dags/example_bash_operator.py for tasks to queue
[2024-04-16T23:35:40.018+0000] {logging_mixin.py:188} INFO - [2024-04-16T23:35:40.018+0000] {dagbag.py:540} INFO - Filling up the DagBag from /home/airflow/.local/lib/python3.12/site-packages/airflow/example_dags/example_bash_operator.py
[2024-04-16T23:35:40.028+0000] {processor.py:840} INFO - DAG(s) 'example_bash_operator' retrieved from /home/airflow/.local/lib/python3.12/site-packages/airflow/example_dags/example_bash_operator.py
[2024-04-16T23:35:40.050+0000] {logging_mixin.py:188} INFO - [2024-04-16T23:35:40.050+0000] {dag.py:3096} INFO - Sync 1 DAGs
[2024-04-16T23:35:40.068+0000] {logging_mixin.py:188} INFO - [2024-04-16T23:35:40.068+0000] {dag.py:3954} INFO - Setting next_dagrun for example_bash_operator to 2024-04-15 00:00:00+00:00, run_after=2024-04-16 00:00:00+00:00
[2024-04-16T23:35:40.082+0000] {processor.py:183} INFO - Processing /home/airflow/.local/lib/python3.12/site-packages/airflow/example_dags/example_bash_operator.py took 0.072 seconds
