[2024-04-16T23:34:37.405+0000] {processor.py:161} INFO - Started process (PID=80) to work on /home/airflow/.local/lib/python3.12/site-packages/airflow/example_dags/example_latest_only_with_trigger.py
[2024-04-16T23:34:37.406+0000] {processor.py:830} INFO - Processing file /home/airflow/.local/lib/python3.12/site-packages/airflow/example_dags/example_latest_only_with_trigger.py for tasks to queue
[2024-04-16T23:34:37.407+0000] {logging_mixin.py:188} INFO - [2024-04-16T23:34:37.407+0000] {dagbag.py:540} INFO - Filling up the DagBag from /home/airflow/.local/lib/python3.12/site-packages/airflow/example_dags/example_latest_only_with_trigger.py
[2024-04-16T23:34:37.414+0000] {processor.py:840} INFO - DAG(s) 'latest_only_with_trigger' retrieved from /home/airflow/.local/lib/python3.12/site-packages/airflow/example_dags/example_latest_only_with_trigger.py
[2024-04-16T23:34:37.422+0000] {logging_mixin.py:188} INFO - [2024-04-16T23:34:37.422+0000] {dag.py:3096} INFO - Sync 1 DAGs
[2024-04-16T23:34:37.443+0000] {logging_mixin.py:188} INFO - [2024-04-16T23:34:37.442+0000] {dag.py:3954} INFO - Setting next_dagrun for latest_only_with_trigger to 2024-04-16 16:00:00+00:00, run_after=2024-04-16 20:00:00+00:00
[2024-04-16T23:34:37.459+0000] {processor.py:183} INFO - Processing /home/airflow/.local/lib/python3.12/site-packages/airflow/example_dags/example_latest_only_with_trigger.py took 0.058 seconds
[2024-04-16T23:35:09.462+0000] {processor.py:161} INFO - Started process (PID=138) to work on /home/airflow/.local/lib/python3.12/site-packages/airflow/example_dags/example_latest_only_with_trigger.py
[2024-04-16T23:35:09.463+0000] {processor.py:830} INFO - Processing file /home/airflow/.local/lib/python3.12/site-packages/airflow/example_dags/example_latest_only_with_trigger.py for tasks to queue
[2024-04-16T23:35:09.464+0000] {logging_mixin.py:188} INFO - [2024-04-16T23:35:09.464+0000] {dagbag.py:540} INFO - Filling up the DagBag from /home/airflow/.local/lib/python3.12/site-packages/airflow/example_dags/example_latest_only_with_trigger.py
[2024-04-16T23:35:09.471+0000] {processor.py:840} INFO - DAG(s) 'latest_only_with_trigger' retrieved from /home/airflow/.local/lib/python3.12/site-packages/airflow/example_dags/example_latest_only_with_trigger.py
[2024-04-16T23:35:09.570+0000] {logging_mixin.py:188} INFO - [2024-04-16T23:35:09.570+0000] {dag.py:3096} INFO - Sync 1 DAGs
[2024-04-16T23:35:09.586+0000] {logging_mixin.py:188} INFO - [2024-04-16T23:35:09.586+0000] {dag.py:3954} INFO - Setting next_dagrun for latest_only_with_trigger to 2024-04-16 16:00:00+00:00, run_after=2024-04-16 20:00:00+00:00
[2024-04-16T23:35:09.602+0000] {processor.py:183} INFO - Processing /home/airflow/.local/lib/python3.12/site-packages/airflow/example_dags/example_latest_only_with_trigger.py took 0.145 seconds
[2024-04-16T23:35:40.179+0000] {processor.py:161} INFO - Started process (PID=196) to work on /home/airflow/.local/lib/python3.12/site-packages/airflow/example_dags/example_latest_only_with_trigger.py
[2024-04-16T23:35:40.180+0000] {processor.py:830} INFO - Processing file /home/airflow/.local/lib/python3.12/site-packages/airflow/example_dags/example_latest_only_with_trigger.py for tasks to queue
[2024-04-16T23:35:40.181+0000] {logging_mixin.py:188} INFO - [2024-04-16T23:35:40.181+0000] {dagbag.py:540} INFO - Filling up the DagBag from /home/airflow/.local/lib/python3.12/site-packages/airflow/example_dags/example_latest_only_with_trigger.py
[2024-04-16T23:35:40.185+0000] {processor.py:840} INFO - DAG(s) 'latest_only_with_trigger' retrieved from /home/airflow/.local/lib/python3.12/site-packages/airflow/example_dags/example_latest_only_with_trigger.py
[2024-04-16T23:35:40.200+0000] {logging_mixin.py:188} INFO - [2024-04-16T23:35:40.199+0000] {dag.py:3096} INFO - Sync 1 DAGs
[2024-04-16T23:35:40.216+0000] {logging_mixin.py:188} INFO - [2024-04-16T23:35:40.216+0000] {dag.py:3954} INFO - Setting next_dagrun for latest_only_with_trigger to 2024-04-16 16:00:00+00:00, run_after=2024-04-16 20:00:00+00:00
[2024-04-16T23:35:40.229+0000] {processor.py:183} INFO - Processing /home/airflow/.local/lib/python3.12/site-packages/airflow/example_dags/example_latest_only_with_trigger.py took 0.055 seconds
