[2024-04-16T23:34:35.763+0000] {processor.py:161} INFO - Started process (PID=53) to work on /home/airflow/.local/lib/python3.12/site-packages/airflow/example_dags/example_subdag_operator.py
[2024-04-16T23:34:35.764+0000] {processor.py:830} INFO - Processing file /home/airflow/.local/lib/python3.12/site-packages/airflow/example_dags/example_subdag_operator.py for tasks to queue
[2024-04-16T23:34:35.765+0000] {logging_mixin.py:188} INFO - [2024-04-16T23:34:35.765+0000] {dagbag.py:540} INFO - Filling up the DagBag from /home/airflow/.local/lib/python3.12/site-packages/airflow/example_dags/example_subdag_operator.py
[2024-04-16T23:34:35.785+0000] {processor.py:840} INFO - DAG(s) 'example_subdag_operator.section-1', 'example_subdag_operator.section-2', 'example_subdag_operator' retrieved from /home/airflow/.local/lib/python3.12/site-packages/airflow/example_dags/example_subdag_operator.py
[2024-04-16T23:34:35.788+0000] {logging_mixin.py:188} INFO - [2024-04-16T23:34:35.788+0000] {dag.py:3096} INFO - Sync 3 DAGs
[2024-04-16T23:34:35.810+0000] {logging_mixin.py:188} INFO - [2024-04-16T23:34:35.810+0000] {dag.py:3954} INFO - Setting next_dagrun for example_subdag_operator to 2022-01-01 00:00:00+00:00, run_after=2022-01-01 00:00:00+00:00
[2024-04-16T23:34:35.814+0000] {logging_mixin.py:188} INFO - [2024-04-16T23:34:35.813+0000] {dag.py:3954} INFO - Setting next_dagrun for example_subdag_operator.section-1 to None, run_after=None
[2024-04-16T23:34:35.815+0000] {logging_mixin.py:188} INFO - [2024-04-16T23:34:35.815+0000] {dag.py:3954} INFO - Setting next_dagrun for example_subdag_operator.section-2 to None, run_after=None
[2024-04-16T23:34:35.821+0000] {logging_mixin.py:188} INFO - [2024-04-16T23:34:35.821+0000] {dag.py:3096} INFO - Sync 2 DAGs
[2024-04-16T23:34:35.826+0000] {logging_mixin.py:188} INFO - [2024-04-16T23:34:35.825+0000] {dag.py:3954} INFO - Setting next_dagrun for example_subdag_operator.section-1 to None, run_after=None
[2024-04-16T23:34:35.826+0000] {logging_mixin.py:188} INFO - [2024-04-16T23:34:35.826+0000] {dag.py:3954} INFO - Setting next_dagrun for example_subdag_operator.section-2 to None, run_after=None
[2024-04-16T23:34:35.881+0000] {processor.py:183} INFO - Processing /home/airflow/.local/lib/python3.12/site-packages/airflow/example_dags/example_subdag_operator.py took 0.123 seconds
[2024-04-16T23:35:07.216+0000] {processor.py:161} INFO - Started process (PID=111) to work on /home/airflow/.local/lib/python3.12/site-packages/airflow/example_dags/example_subdag_operator.py
[2024-04-16T23:35:07.217+0000] {processor.py:830} INFO - Processing file /home/airflow/.local/lib/python3.12/site-packages/airflow/example_dags/example_subdag_operator.py for tasks to queue
[2024-04-16T23:35:07.219+0000] {logging_mixin.py:188} INFO - [2024-04-16T23:35:07.218+0000] {dagbag.py:540} INFO - Filling up the DagBag from /home/airflow/.local/lib/python3.12/site-packages/airflow/example_dags/example_subdag_operator.py
[2024-04-16T23:35:07.237+0000] {processor.py:840} INFO - DAG(s) 'example_subdag_operator.section-1', 'example_subdag_operator.section-2', 'example_subdag_operator' retrieved from /home/airflow/.local/lib/python3.12/site-packages/airflow/example_dags/example_subdag_operator.py
[2024-04-16T23:35:07.314+0000] {logging_mixin.py:188} INFO - [2024-04-16T23:35:07.314+0000] {dag.py:3096} INFO - Sync 3 DAGs
[2024-04-16T23:35:07.331+0000] {logging_mixin.py:188} INFO - [2024-04-16T23:35:07.330+0000] {dag.py:3954} INFO - Setting next_dagrun for example_subdag_operator to 2022-01-01 00:00:00+00:00, run_after=2022-01-01 00:00:00+00:00
[2024-04-16T23:35:07.333+0000] {logging_mixin.py:188} INFO - [2024-04-16T23:35:07.333+0000] {dag.py:3954} INFO - Setting next_dagrun for example_subdag_operator.section-1 to None, run_after=None
[2024-04-16T23:35:07.334+0000] {logging_mixin.py:188} INFO - [2024-04-16T23:35:07.334+0000] {dag.py:3954} INFO - Setting next_dagrun for example_subdag_operator.section-2 to None, run_after=None
[2024-04-16T23:35:07.341+0000] {logging_mixin.py:188} INFO - [2024-04-16T23:35:07.341+0000] {dag.py:3096} INFO - Sync 2 DAGs
[2024-04-16T23:35:07.345+0000] {logging_mixin.py:188} INFO - [2024-04-16T23:35:07.345+0000] {dag.py:3954} INFO - Setting next_dagrun for example_subdag_operator.section-1 to None, run_after=None
[2024-04-16T23:35:07.345+0000] {logging_mixin.py:188} INFO - [2024-04-16T23:35:07.345+0000] {dag.py:3954} INFO - Setting next_dagrun for example_subdag_operator.section-2 to None, run_after=None
[2024-04-16T23:35:07.373+0000] {processor.py:183} INFO - Processing /home/airflow/.local/lib/python3.12/site-packages/airflow/example_dags/example_subdag_operator.py took 0.162 seconds
[2024-04-16T23:35:37.944+0000] {processor.py:161} INFO - Started process (PID=169) to work on /home/airflow/.local/lib/python3.12/site-packages/airflow/example_dags/example_subdag_operator.py
[2024-04-16T23:35:37.945+0000] {processor.py:830} INFO - Processing file /home/airflow/.local/lib/python3.12/site-packages/airflow/example_dags/example_subdag_operator.py for tasks to queue
[2024-04-16T23:35:37.947+0000] {logging_mixin.py:188} INFO - [2024-04-16T23:35:37.946+0000] {dagbag.py:540} INFO - Filling up the DagBag from /home/airflow/.local/lib/python3.12/site-packages/airflow/example_dags/example_subdag_operator.py
[2024-04-16T23:35:37.963+0000] {processor.py:840} INFO - DAG(s) 'example_subdag_operator.section-1', 'example_subdag_operator.section-2', 'example_subdag_operator' retrieved from /home/airflow/.local/lib/python3.12/site-packages/airflow/example_dags/example_subdag_operator.py
[2024-04-16T23:35:37.976+0000] {logging_mixin.py:188} INFO - [2024-04-16T23:35:37.976+0000] {dag.py:3096} INFO - Sync 3 DAGs
[2024-04-16T23:35:37.993+0000] {logging_mixin.py:188} INFO - [2024-04-16T23:35:37.992+0000] {dag.py:3954} INFO - Setting next_dagrun for example_subdag_operator to 2022-01-01 00:00:00+00:00, run_after=2022-01-01 00:00:00+00:00
[2024-04-16T23:35:37.996+0000] {logging_mixin.py:188} INFO - [2024-04-16T23:35:37.995+0000] {dag.py:3954} INFO - Setting next_dagrun for example_subdag_operator.section-1 to None, run_after=None
[2024-04-16T23:35:37.996+0000] {logging_mixin.py:188} INFO - [2024-04-16T23:35:37.996+0000] {dag.py:3954} INFO - Setting next_dagrun for example_subdag_operator.section-2 to None, run_after=None
[2024-04-16T23:35:38.001+0000] {logging_mixin.py:188} INFO - [2024-04-16T23:35:38.001+0000] {dag.py:3096} INFO - Sync 2 DAGs
[2024-04-16T23:35:38.005+0000] {logging_mixin.py:188} INFO - [2024-04-16T23:35:38.005+0000] {dag.py:3954} INFO - Setting next_dagrun for example_subdag_operator.section-1 to None, run_after=None
[2024-04-16T23:35:38.005+0000] {logging_mixin.py:188} INFO - [2024-04-16T23:35:38.005+0000] {dag.py:3954} INFO - Setting next_dagrun for example_subdag_operator.section-2 to None, run_after=None
[2024-04-16T23:35:38.013+0000] {processor.py:183} INFO - Processing /home/airflow/.local/lib/python3.12/site-packages/airflow/example_dags/example_subdag_operator.py took 0.073 seconds
