[2024-04-16T23:34:36.613+0000] {processor.py:161} INFO - Started process (PID=65) to work on /home/airflow/.local/lib/python3.12/site-packages/airflow/example_dags/example_task_group.py
[2024-04-16T23:34:36.613+0000] {processor.py:830} INFO - Processing file /home/airflow/.local/lib/python3.12/site-packages/airflow/example_dags/example_task_group.py for tasks to queue
[2024-04-16T23:34:36.615+0000] {logging_mixin.py:188} INFO - [2024-04-16T23:34:36.614+0000] {dagbag.py:540} INFO - Filling up the DagBag from /home/airflow/.local/lib/python3.12/site-packages/airflow/example_dags/example_task_group.py
[2024-04-16T23:34:36.621+0000] {processor.py:840} INFO - DAG(s) 'example_task_group' retrieved from /home/airflow/.local/lib/python3.12/site-packages/airflow/example_dags/example_task_group.py
[2024-04-16T23:34:36.630+0000] {logging_mixin.py:188} INFO - [2024-04-16T23:34:36.630+0000] {dag.py:3096} INFO - Sync 1 DAGs
[2024-04-16T23:34:36.651+0000] {logging_mixin.py:188} INFO - [2024-04-16T23:34:36.651+0000] {dag.py:3954} INFO - Setting next_dagrun for example_task_group to 2024-04-15 00:00:00+00:00, run_after=2024-04-16 00:00:00+00:00
[2024-04-16T23:34:36.667+0000] {processor.py:183} INFO - Processing /home/airflow/.local/lib/python3.12/site-packages/airflow/example_dags/example_task_group.py took 0.059 seconds
[2024-04-16T23:35:08.184+0000] {processor.py:161} INFO - Started process (PID=123) to work on /home/airflow/.local/lib/python3.12/site-packages/airflow/example_dags/example_task_group.py
[2024-04-16T23:35:08.185+0000] {processor.py:830} INFO - Processing file /home/airflow/.local/lib/python3.12/site-packages/airflow/example_dags/example_task_group.py for tasks to queue
[2024-04-16T23:35:08.186+0000] {logging_mixin.py:188} INFO - [2024-04-16T23:35:08.186+0000] {dagbag.py:540} INFO - Filling up the DagBag from /home/airflow/.local/lib/python3.12/site-packages/airflow/example_dags/example_task_group.py
[2024-04-16T23:35:08.191+0000] {processor.py:840} INFO - DAG(s) 'example_task_group' retrieved from /home/airflow/.local/lib/python3.12/site-packages/airflow/example_dags/example_task_group.py
[2024-04-16T23:35:08.278+0000] {logging_mixin.py:188} INFO - [2024-04-16T23:35:08.278+0000] {dag.py:3096} INFO - Sync 1 DAGs
[2024-04-16T23:35:08.295+0000] {logging_mixin.py:188} INFO - [2024-04-16T23:35:08.295+0000] {dag.py:3954} INFO - Setting next_dagrun for example_task_group to 2024-04-15 00:00:00+00:00, run_after=2024-04-16 00:00:00+00:00
[2024-04-16T23:35:08.313+0000] {processor.py:183} INFO - Processing /home/airflow/.local/lib/python3.12/site-packages/airflow/example_dags/example_task_group.py took 0.135 seconds
[2024-04-16T23:35:38.426+0000] {processor.py:161} INFO - Started process (PID=181) to work on /home/airflow/.local/lib/python3.12/site-packages/airflow/example_dags/example_task_group.py
[2024-04-16T23:35:38.427+0000] {processor.py:830} INFO - Processing file /home/airflow/.local/lib/python3.12/site-packages/airflow/example_dags/example_task_group.py for tasks to queue
[2024-04-16T23:35:38.429+0000] {logging_mixin.py:188} INFO - [2024-04-16T23:35:38.428+0000] {dagbag.py:540} INFO - Filling up the DagBag from /home/airflow/.local/lib/python3.12/site-packages/airflow/example_dags/example_task_group.py
[2024-04-16T23:35:38.434+0000] {processor.py:840} INFO - DAG(s) 'example_task_group' retrieved from /home/airflow/.local/lib/python3.12/site-packages/airflow/example_dags/example_task_group.py
[2024-04-16T23:35:38.450+0000] {logging_mixin.py:188} INFO - [2024-04-16T23:35:38.450+0000] {dag.py:3096} INFO - Sync 1 DAGs
[2024-04-16T23:35:38.469+0000] {logging_mixin.py:188} INFO - [2024-04-16T23:35:38.469+0000] {dag.py:3954} INFO - Setting next_dagrun for example_task_group to 2024-04-15 00:00:00+00:00, run_after=2024-04-16 00:00:00+00:00
[2024-04-16T23:35:38.483+0000] {processor.py:183} INFO - Processing /home/airflow/.local/lib/python3.12/site-packages/airflow/example_dags/example_task_group.py took 0.061 seconds
