[2024-04-16T23:34:35.044+0000] {processor.py:161} INFO - Started process (PID=40) to work on /home/airflow/.local/lib/python3.12/site-packages/airflow/example_dags/example_nested_branch_dag.py
[2024-04-16T23:34:35.045+0000] {processor.py:830} INFO - Processing file /home/airflow/.local/lib/python3.12/site-packages/airflow/example_dags/example_nested_branch_dag.py for tasks to queue
[2024-04-16T23:34:35.047+0000] {logging_mixin.py:188} INFO - [2024-04-16T23:34:35.046+0000] {dagbag.py:540} INFO - Filling up the DagBag from /home/airflow/.local/lib/python3.12/site-packages/airflow/example_dags/example_nested_branch_dag.py
[2024-04-16T23:34:35.062+0000] {processor.py:840} INFO - DAG(s) 'example_nested_branch_dag' retrieved from /home/airflow/.local/lib/python3.12/site-packages/airflow/example_dags/example_nested_branch_dag.py
[2024-04-16T23:34:35.072+0000] {logging_mixin.py:188} INFO - [2024-04-16T23:34:35.072+0000] {dag.py:3096} INFO - Sync 1 DAGs
[2024-04-16T23:34:35.095+0000] {logging_mixin.py:188} INFO - [2024-04-16T23:34:35.094+0000] {dag.py:3954} INFO - Setting next_dagrun for example_nested_branch_dag to 2024-04-15 00:00:00+00:00, run_after=2024-04-16 00:00:00+00:00
[2024-04-16T23:34:35.113+0000] {processor.py:183} INFO - Processing /home/airflow/.local/lib/python3.12/site-packages/airflow/example_dags/example_nested_branch_dag.py took 0.075 seconds
[2024-04-16T23:35:06.102+0000] {processor.py:161} INFO - Started process (PID=98) to work on /home/airflow/.local/lib/python3.12/site-packages/airflow/example_dags/example_nested_branch_dag.py
[2024-04-16T23:35:06.103+0000] {processor.py:830} INFO - Processing file /home/airflow/.local/lib/python3.12/site-packages/airflow/example_dags/example_nested_branch_dag.py for tasks to queue
[2024-04-16T23:35:06.104+0000] {logging_mixin.py:188} INFO - [2024-04-16T23:35:06.104+0000] {dagbag.py:540} INFO - Filling up the DagBag from /home/airflow/.local/lib/python3.12/site-packages/airflow/example_dags/example_nested_branch_dag.py
[2024-04-16T23:35:06.112+0000] {processor.py:840} INFO - DAG(s) 'example_nested_branch_dag' retrieved from /home/airflow/.local/lib/python3.12/site-packages/airflow/example_dags/example_nested_branch_dag.py
[2024-04-16T23:35:06.194+0000] {logging_mixin.py:188} INFO - [2024-04-16T23:35:06.194+0000] {dag.py:3096} INFO - Sync 1 DAGs
[2024-04-16T23:35:06.210+0000] {logging_mixin.py:188} INFO - [2024-04-16T23:35:06.210+0000] {dag.py:3954} INFO - Setting next_dagrun for example_nested_branch_dag to 2024-04-15 00:00:00+00:00, run_after=2024-04-16 00:00:00+00:00
[2024-04-16T23:35:06.252+0000] {processor.py:183} INFO - Processing /home/airflow/.local/lib/python3.12/site-packages/airflow/example_dags/example_nested_branch_dag.py took 0.154 seconds
[2024-04-16T23:35:36.381+0000] {processor.py:161} INFO - Started process (PID=156) to work on /home/airflow/.local/lib/python3.12/site-packages/airflow/example_dags/example_nested_branch_dag.py
[2024-04-16T23:35:36.382+0000] {processor.py:830} INFO - Processing file /home/airflow/.local/lib/python3.12/site-packages/airflow/example_dags/example_nested_branch_dag.py for tasks to queue
[2024-04-16T23:35:36.383+0000] {logging_mixin.py:188} INFO - [2024-04-16T23:35:36.383+0000] {dagbag.py:540} INFO - Filling up the DagBag from /home/airflow/.local/lib/python3.12/site-packages/airflow/example_dags/example_nested_branch_dag.py
[2024-04-16T23:35:36.391+0000] {processor.py:840} INFO - DAG(s) 'example_nested_branch_dag' retrieved from /home/airflow/.local/lib/python3.12/site-packages/airflow/example_dags/example_nested_branch_dag.py
[2024-04-16T23:35:36.408+0000] {logging_mixin.py:188} INFO - [2024-04-16T23:35:36.407+0000] {dag.py:3096} INFO - Sync 1 DAGs
[2024-04-16T23:35:36.426+0000] {logging_mixin.py:188} INFO - [2024-04-16T23:35:36.425+0000] {dag.py:3954} INFO - Setting next_dagrun for example_nested_branch_dag to 2024-04-15 00:00:00+00:00, run_after=2024-04-16 00:00:00+00:00
[2024-04-16T23:35:36.440+0000] {processor.py:183} INFO - Processing /home/airflow/.local/lib/python3.12/site-packages/airflow/example_dags/example_nested_branch_dag.py took 0.063 seconds
