[2024-04-16T23:34:35.402+0000] {processor.py:161} INFO - Started process (PID=49) to work on /home/airflow/.local/lib/python3.12/site-packages/airflow/example_dags/example_branch_labels.py
[2024-04-16T23:34:35.402+0000] {processor.py:830} INFO - Processing file /home/airflow/.local/lib/python3.12/site-packages/airflow/example_dags/example_branch_labels.py for tasks to queue
[2024-04-16T23:34:35.404+0000] {logging_mixin.py:188} INFO - [2024-04-16T23:34:35.403+0000] {dagbag.py:540} INFO - Filling up the DagBag from /home/airflow/.local/lib/python3.12/site-packages/airflow/example_dags/example_branch_labels.py
[2024-04-16T23:34:35.416+0000] {processor.py:840} INFO - DAG(s) 'example_branch_labels' retrieved from /home/airflow/.local/lib/python3.12/site-packages/airflow/example_dags/example_branch_labels.py
[2024-04-16T23:34:35.425+0000] {logging_mixin.py:188} INFO - [2024-04-16T23:34:35.425+0000] {dag.py:3096} INFO - Sync 1 DAGs
[2024-04-16T23:34:35.459+0000] {logging_mixin.py:188} INFO - [2024-04-16T23:34:35.459+0000] {dag.py:3954} INFO - Setting next_dagrun for example_branch_labels to 2024-04-15 00:00:00+00:00, run_after=2024-04-16 00:00:00+00:00
[2024-04-16T23:34:35.640+0000] {processor.py:183} INFO - Processing /home/airflow/.local/lib/python3.12/site-packages/airflow/example_dags/example_branch_labels.py took 0.244 seconds
[2024-04-16T23:35:06.876+0000] {processor.py:161} INFO - Started process (PID=107) to work on /home/airflow/.local/lib/python3.12/site-packages/airflow/example_dags/example_branch_labels.py
[2024-04-16T23:35:06.877+0000] {processor.py:830} INFO - Processing file /home/airflow/.local/lib/python3.12/site-packages/airflow/example_dags/example_branch_labels.py for tasks to queue
[2024-04-16T23:35:06.879+0000] {logging_mixin.py:188} INFO - [2024-04-16T23:35:06.878+0000] {dagbag.py:540} INFO - Filling up the DagBag from /home/airflow/.local/lib/python3.12/site-packages/airflow/example_dags/example_branch_labels.py
[2024-04-16T23:35:06.885+0000] {processor.py:840} INFO - DAG(s) 'example_branch_labels' retrieved from /home/airflow/.local/lib/python3.12/site-packages/airflow/example_dags/example_branch_labels.py
[2024-04-16T23:35:06.972+0000] {logging_mixin.py:188} INFO - [2024-04-16T23:35:06.971+0000] {dag.py:3096} INFO - Sync 1 DAGs
[2024-04-16T23:35:06.988+0000] {logging_mixin.py:188} INFO - [2024-04-16T23:35:06.988+0000] {dag.py:3954} INFO - Setting next_dagrun for example_branch_labels to 2024-04-15 00:00:00+00:00, run_after=2024-04-16 00:00:00+00:00
[2024-04-16T23:35:07.031+0000] {processor.py:183} INFO - Processing /home/airflow/.local/lib/python3.12/site-packages/airflow/example_dags/example_branch_labels.py took 0.160 seconds
[2024-04-16T23:35:37.804+0000] {processor.py:161} INFO - Started process (PID=165) to work on /home/airflow/.local/lib/python3.12/site-packages/airflow/example_dags/example_branch_labels.py
[2024-04-16T23:35:37.804+0000] {processor.py:830} INFO - Processing file /home/airflow/.local/lib/python3.12/site-packages/airflow/example_dags/example_branch_labels.py for tasks to queue
[2024-04-16T23:35:37.806+0000] {logging_mixin.py:188} INFO - [2024-04-16T23:35:37.805+0000] {dagbag.py:540} INFO - Filling up the DagBag from /home/airflow/.local/lib/python3.12/site-packages/airflow/example_dags/example_branch_labels.py
[2024-04-16T23:35:37.811+0000] {processor.py:840} INFO - DAG(s) 'example_branch_labels' retrieved from /home/airflow/.local/lib/python3.12/site-packages/airflow/example_dags/example_branch_labels.py
[2024-04-16T23:35:37.827+0000] {logging_mixin.py:188} INFO - [2024-04-16T23:35:37.827+0000] {dag.py:3096} INFO - Sync 1 DAGs
[2024-04-16T23:35:37.844+0000] {logging_mixin.py:188} INFO - [2024-04-16T23:35:37.844+0000] {dag.py:3954} INFO - Setting next_dagrun for example_branch_labels to 2024-04-15 00:00:00+00:00, run_after=2024-04-16 00:00:00+00:00
[2024-04-16T23:35:37.859+0000] {processor.py:183} INFO - Processing /home/airflow/.local/lib/python3.12/site-packages/airflow/example_dags/example_branch_labels.py took 0.059 seconds
