[2024-04-16T23:34:34.914+0000] {processor.py:161} INFO - Started process (PID=38) to work on /home/airflow/.local/lib/python3.12/site-packages/airflow/example_dags/example_branch_operator.py
[2024-04-16T23:34:34.915+0000] {processor.py:830} INFO - Processing file /home/airflow/.local/lib/python3.12/site-packages/airflow/example_dags/example_branch_operator.py for tasks to queue
[2024-04-16T23:34:34.916+0000] {logging_mixin.py:188} INFO - [2024-04-16T23:34:34.916+0000] {dagbag.py:540} INFO - Filling up the DagBag from /home/airflow/.local/lib/python3.12/site-packages/airflow/example_dags/example_branch_operator.py
[2024-04-16T23:34:34.945+0000] {processor.py:840} INFO - DAG(s) 'example_branch_operator' retrieved from /home/airflow/.local/lib/python3.12/site-packages/airflow/example_dags/example_branch_operator.py
[2024-04-16T23:34:34.955+0000] {logging_mixin.py:188} INFO - [2024-04-16T23:34:34.955+0000] {dag.py:3096} INFO - Sync 1 DAGs
[2024-04-16T23:34:34.976+0000] {logging_mixin.py:188} INFO - [2024-04-16T23:34:34.976+0000] {dag.py:3954} INFO - Setting next_dagrun for example_branch_operator to 2024-04-15 00:00:00+00:00, run_after=2024-04-16 00:00:00+00:00
[2024-04-16T23:34:34.999+0000] {processor.py:183} INFO - Processing /home/airflow/.local/lib/python3.12/site-packages/airflow/example_dags/example_branch_operator.py took 0.089 seconds
[2024-04-16T23:35:05.921+0000] {processor.py:161} INFO - Started process (PID=96) to work on /home/airflow/.local/lib/python3.12/site-packages/airflow/example_dags/example_branch_operator.py
[2024-04-16T23:35:05.921+0000] {processor.py:830} INFO - Processing file /home/airflow/.local/lib/python3.12/site-packages/airflow/example_dags/example_branch_operator.py for tasks to queue
[2024-04-16T23:35:05.923+0000] {logging_mixin.py:188} INFO - [2024-04-16T23:35:05.922+0000] {dagbag.py:540} INFO - Filling up the DagBag from /home/airflow/.local/lib/python3.12/site-packages/airflow/example_dags/example_branch_operator.py
[2024-04-16T23:35:05.936+0000] {processor.py:840} INFO - DAG(s) 'example_branch_operator' retrieved from /home/airflow/.local/lib/python3.12/site-packages/airflow/example_dags/example_branch_operator.py
[2024-04-16T23:35:06.023+0000] {logging_mixin.py:188} INFO - [2024-04-16T23:35:06.023+0000] {dag.py:3096} INFO - Sync 1 DAGs
[2024-04-16T23:35:06.039+0000] {logging_mixin.py:188} INFO - [2024-04-16T23:35:06.038+0000] {dag.py:3954} INFO - Setting next_dagrun for example_branch_operator to 2024-04-15 00:00:00+00:00, run_after=2024-04-16 00:00:00+00:00
[2024-04-16T23:35:06.087+0000] {processor.py:183} INFO - Processing /home/airflow/.local/lib/python3.12/site-packages/airflow/example_dags/example_branch_operator.py took 0.171 seconds
[2024-04-16T23:35:36.295+0000] {processor.py:161} INFO - Started process (PID=154) to work on /home/airflow/.local/lib/python3.12/site-packages/airflow/example_dags/example_branch_operator.py
[2024-04-16T23:35:36.296+0000] {processor.py:830} INFO - Processing file /home/airflow/.local/lib/python3.12/site-packages/airflow/example_dags/example_branch_operator.py for tasks to queue
[2024-04-16T23:35:36.297+0000] {logging_mixin.py:188} INFO - [2024-04-16T23:35:36.297+0000] {dagbag.py:540} INFO - Filling up the DagBag from /home/airflow/.local/lib/python3.12/site-packages/airflow/example_dags/example_branch_operator.py
[2024-04-16T23:35:36.310+0000] {processor.py:840} INFO - DAG(s) 'example_branch_operator' retrieved from /home/airflow/.local/lib/python3.12/site-packages/airflow/example_dags/example_branch_operator.py
[2024-04-16T23:35:36.334+0000] {logging_mixin.py:188} INFO - [2024-04-16T23:35:36.334+0000] {dag.py:3096} INFO - Sync 1 DAGs
[2024-04-16T23:35:36.352+0000] {logging_mixin.py:188} INFO - [2024-04-16T23:35:36.352+0000] {dag.py:3954} INFO - Setting next_dagrun for example_branch_operator to 2024-04-15 00:00:00+00:00, run_after=2024-04-16 00:00:00+00:00
[2024-04-16T23:35:36.366+0000] {processor.py:183} INFO - Processing /home/airflow/.local/lib/python3.12/site-packages/airflow/example_dags/example_branch_operator.py took 0.076 seconds
