[2024-04-16T23:34:37.331+0000] {processor.py:161} INFO - Started process (PID=78) to work on /home/airflow/.local/lib/python3.12/site-packages/airflow/example_dags/example_task_group_decorator.py
[2024-04-16T23:34:37.332+0000] {processor.py:830} INFO - Processing file /home/airflow/.local/lib/python3.12/site-packages/airflow/example_dags/example_task_group_decorator.py for tasks to queue
[2024-04-16T23:34:37.333+0000] {logging_mixin.py:188} INFO - [2024-04-16T23:34:37.333+0000] {dagbag.py:540} INFO - Filling up the DagBag from /home/airflow/.local/lib/python3.12/site-packages/airflow/example_dags/example_task_group_decorator.py
[2024-04-16T23:34:37.346+0000] {processor.py:840} INFO - DAG(s) 'example_task_group_decorator' retrieved from /home/airflow/.local/lib/python3.12/site-packages/airflow/example_dags/example_task_group_decorator.py
[2024-04-16T23:34:37.354+0000] {logging_mixin.py:188} INFO - [2024-04-16T23:34:37.354+0000] {dag.py:3096} INFO - Sync 1 DAGs
[2024-04-16T23:34:37.373+0000] {logging_mixin.py:188} INFO - [2024-04-16T23:34:37.373+0000] {dag.py:3954} INFO - Setting next_dagrun for example_task_group_decorator to 2024-04-15 00:00:00+00:00, run_after=2024-04-16 00:00:00+00:00
[2024-04-16T23:34:37.390+0000] {processor.py:183} INFO - Processing /home/airflow/.local/lib/python3.12/site-packages/airflow/example_dags/example_task_group_decorator.py took 0.063 seconds
[2024-04-16T23:35:09.281+0000] {processor.py:161} INFO - Started process (PID=136) to work on /home/airflow/.local/lib/python3.12/site-packages/airflow/example_dags/example_task_group_decorator.py
[2024-04-16T23:35:09.282+0000] {processor.py:830} INFO - Processing file /home/airflow/.local/lib/python3.12/site-packages/airflow/example_dags/example_task_group_decorator.py for tasks to queue
[2024-04-16T23:35:09.284+0000] {logging_mixin.py:188} INFO - [2024-04-16T23:35:09.283+0000] {dagbag.py:540} INFO - Filling up the DagBag from /home/airflow/.local/lib/python3.12/site-packages/airflow/example_dags/example_task_group_decorator.py
[2024-04-16T23:35:09.297+0000] {processor.py:840} INFO - DAG(s) 'example_task_group_decorator' retrieved from /home/airflow/.local/lib/python3.12/site-packages/airflow/example_dags/example_task_group_decorator.py
[2024-04-16T23:35:09.399+0000] {logging_mixin.py:188} INFO - [2024-04-16T23:35:09.399+0000] {dag.py:3096} INFO - Sync 1 DAGs
[2024-04-16T23:35:09.419+0000] {logging_mixin.py:188} INFO - [2024-04-16T23:35:09.419+0000] {dag.py:3954} INFO - Setting next_dagrun for example_task_group_decorator to 2024-04-15 00:00:00+00:00, run_after=2024-04-16 00:00:00+00:00
[2024-04-16T23:35:09.442+0000] {processor.py:183} INFO - Processing /home/airflow/.local/lib/python3.12/site-packages/airflow/example_dags/example_task_group_decorator.py took 0.166 seconds
[2024-04-16T23:35:40.097+0000] {processor.py:161} INFO - Started process (PID=194) to work on /home/airflow/.local/lib/python3.12/site-packages/airflow/example_dags/example_task_group_decorator.py
[2024-04-16T23:35:40.098+0000] {processor.py:830} INFO - Processing file /home/airflow/.local/lib/python3.12/site-packages/airflow/example_dags/example_task_group_decorator.py for tasks to queue
[2024-04-16T23:35:40.100+0000] {logging_mixin.py:188} INFO - [2024-04-16T23:35:40.099+0000] {dagbag.py:540} INFO - Filling up the DagBag from /home/airflow/.local/lib/python3.12/site-packages/airflow/example_dags/example_task_group_decorator.py
[2024-04-16T23:35:40.112+0000] {processor.py:840} INFO - DAG(s) 'example_task_group_decorator' retrieved from /home/airflow/.local/lib/python3.12/site-packages/airflow/example_dags/example_task_group_decorator.py
[2024-04-16T23:35:40.133+0000] {logging_mixin.py:188} INFO - [2024-04-16T23:35:40.132+0000] {dag.py:3096} INFO - Sync 1 DAGs
[2024-04-16T23:35:40.150+0000] {logging_mixin.py:188} INFO - [2024-04-16T23:35:40.150+0000] {dag.py:3954} INFO - Setting next_dagrun for example_task_group_decorator to 2024-04-15 00:00:00+00:00, run_after=2024-04-16 00:00:00+00:00
[2024-04-16T23:35:40.165+0000] {processor.py:183} INFO - Processing /home/airflow/.local/lib/python3.12/site-packages/airflow/example_dags/example_task_group_decorator.py took 0.071 seconds
