[2024-04-16T23:34:36.018+0000] {processor.py:161} INFO - Started process (PID=56) to work on /home/airflow/.local/lib/python3.12/site-packages/airflow/example_dags/example_external_task_marker_dag.py
[2024-04-16T23:34:36.018+0000] {processor.py:830} INFO - Processing file /home/airflow/.local/lib/python3.12/site-packages/airflow/example_dags/example_external_task_marker_dag.py for tasks to queue
[2024-04-16T23:34:36.020+0000] {logging_mixin.py:188} INFO - [2024-04-16T23:34:36.019+0000] {dagbag.py:540} INFO - Filling up the DagBag from /home/airflow/.local/lib/python3.12/site-packages/airflow/example_dags/example_external_task_marker_dag.py
[2024-04-16T23:34:36.025+0000] {processor.py:840} INFO - DAG(s) 'example_external_task_marker_child', 'example_external_task_marker_parent' retrieved from /home/airflow/.local/lib/python3.12/site-packages/airflow/example_dags/example_external_task_marker_dag.py
[2024-04-16T23:34:36.035+0000] {logging_mixin.py:188} INFO - [2024-04-16T23:34:36.035+0000] {dag.py:3096} INFO - Sync 2 DAGs
[2024-04-16T23:34:36.048+0000] {logging_mixin.py:188} INFO - [2024-04-16T23:34:36.048+0000] {dag.py:3954} INFO - Setting next_dagrun for example_external_task_marker_child to None, run_after=None
[2024-04-16T23:34:36.052+0000] {logging_mixin.py:188} INFO - [2024-04-16T23:34:36.051+0000] {dag.py:3954} INFO - Setting next_dagrun for example_external_task_marker_parent to None, run_after=None
[2024-04-16T23:34:36.134+0000] {processor.py:183} INFO - Processing /home/airflow/.local/lib/python3.12/site-packages/airflow/example_dags/example_external_task_marker_dag.py took 0.121 seconds
[2024-04-16T23:35:07.394+0000] {processor.py:161} INFO - Started process (PID=114) to work on /home/airflow/.local/lib/python3.12/site-packages/airflow/example_dags/example_external_task_marker_dag.py
[2024-04-16T23:35:07.394+0000] {processor.py:830} INFO - Processing file /home/airflow/.local/lib/python3.12/site-packages/airflow/example_dags/example_external_task_marker_dag.py for tasks to queue
[2024-04-16T23:35:07.396+0000] {logging_mixin.py:188} INFO - [2024-04-16T23:35:07.395+0000] {dagbag.py:540} INFO - Filling up the DagBag from /home/airflow/.local/lib/python3.12/site-packages/airflow/example_dags/example_external_task_marker_dag.py
[2024-04-16T23:35:07.400+0000] {processor.py:840} INFO - DAG(s) 'example_external_task_marker_child', 'example_external_task_marker_parent' retrieved from /home/airflow/.local/lib/python3.12/site-packages/airflow/example_dags/example_external_task_marker_dag.py
[2024-04-16T23:35:07.490+0000] {logging_mixin.py:188} INFO - [2024-04-16T23:35:07.490+0000] {dag.py:3096} INFO - Sync 2 DAGs
[2024-04-16T23:35:07.500+0000] {logging_mixin.py:188} INFO - [2024-04-16T23:35:07.500+0000] {dag.py:3954} INFO - Setting next_dagrun for example_external_task_marker_child to None, run_after=None
[2024-04-16T23:35:07.502+0000] {logging_mixin.py:188} INFO - [2024-04-16T23:35:07.502+0000] {dag.py:3954} INFO - Setting next_dagrun for example_external_task_marker_parent to None, run_after=None
[2024-04-16T23:35:07.543+0000] {processor.py:183} INFO - Processing /home/airflow/.local/lib/python3.12/site-packages/airflow/example_dags/example_external_task_marker_dag.py took 0.154 seconds
[2024-04-16T23:35:38.039+0000] {processor.py:161} INFO - Started process (PID=172) to work on /home/airflow/.local/lib/python3.12/site-packages/airflow/example_dags/example_external_task_marker_dag.py
[2024-04-16T23:35:38.040+0000] {processor.py:830} INFO - Processing file /home/airflow/.local/lib/python3.12/site-packages/airflow/example_dags/example_external_task_marker_dag.py for tasks to queue
[2024-04-16T23:35:38.041+0000] {logging_mixin.py:188} INFO - [2024-04-16T23:35:38.041+0000] {dagbag.py:540} INFO - Filling up the DagBag from /home/airflow/.local/lib/python3.12/site-packages/airflow/example_dags/example_external_task_marker_dag.py
[2024-04-16T23:35:38.046+0000] {processor.py:840} INFO - DAG(s) 'example_external_task_marker_child', 'example_external_task_marker_parent' retrieved from /home/airflow/.local/lib/python3.12/site-packages/airflow/example_dags/example_external_task_marker_dag.py
[2024-04-16T23:35:38.062+0000] {logging_mixin.py:188} INFO - [2024-04-16T23:35:38.062+0000] {dag.py:3096} INFO - Sync 2 DAGs
[2024-04-16T23:35:38.072+0000] {logging_mixin.py:188} INFO - [2024-04-16T23:35:38.072+0000] {dag.py:3954} INFO - Setting next_dagrun for example_external_task_marker_child to None, run_after=None
[2024-04-16T23:35:38.075+0000] {logging_mixin.py:188} INFO - [2024-04-16T23:35:38.075+0000] {dag.py:3954} INFO - Setting next_dagrun for example_external_task_marker_parent to None, run_after=None
[2024-04-16T23:35:38.087+0000] {processor.py:183} INFO - Processing /home/airflow/.local/lib/python3.12/site-packages/airflow/example_dags/example_external_task_marker_dag.py took 0.052 seconds
