[2024-04-16T23:34:35.131+0000] {processor.py:161} INFO - Started process (PID=42) to work on /home/airflow/.local/lib/python3.12/site-packages/airflow/example_dags/example_bash_decorator.py
[2024-04-16T23:34:35.132+0000] {processor.py:830} INFO - Processing file /home/airflow/.local/lib/python3.12/site-packages/airflow/example_dags/example_bash_decorator.py for tasks to queue
[2024-04-16T23:34:35.134+0000] {logging_mixin.py:188} INFO - [2024-04-16T23:34:35.133+0000] {dagbag.py:540} INFO - Filling up the DagBag from /home/airflow/.local/lib/python3.12/site-packages/airflow/example_dags/example_bash_decorator.py
[2024-04-16T23:34:35.150+0000] {processor.py:840} INFO - DAG(s) 'example_bash_decorator' retrieved from /home/airflow/.local/lib/python3.12/site-packages/airflow/example_dags/example_bash_decorator.py
[2024-04-16T23:34:35.159+0000] {logging_mixin.py:188} INFO - [2024-04-16T23:34:35.159+0000] {dag.py:3096} INFO - Sync 1 DAGs
[2024-04-16T23:34:35.172+0000] {logging_mixin.py:188} INFO - [2024-04-16T23:34:35.172+0000] {dag.py:3954} INFO - Setting next_dagrun for example_bash_decorator to None, run_after=None
[2024-04-16T23:34:35.191+0000] {processor.py:183} INFO - Processing /home/airflow/.local/lib/python3.12/site-packages/airflow/example_dags/example_bash_decorator.py took 0.064 seconds
[2024-04-16T23:35:06.270+0000] {processor.py:161} INFO - Started process (PID=100) to work on /home/airflow/.local/lib/python3.12/site-packages/airflow/example_dags/example_bash_decorator.py
[2024-04-16T23:35:06.271+0000] {processor.py:830} INFO - Processing file /home/airflow/.local/lib/python3.12/site-packages/airflow/example_dags/example_bash_decorator.py for tasks to queue
[2024-04-16T23:35:06.272+0000] {logging_mixin.py:188} INFO - [2024-04-16T23:35:06.272+0000] {dagbag.py:540} INFO - Filling up the DagBag from /home/airflow/.local/lib/python3.12/site-packages/airflow/example_dags/example_bash_decorator.py
[2024-04-16T23:35:06.283+0000] {processor.py:840} INFO - DAG(s) 'example_bash_decorator' retrieved from /home/airflow/.local/lib/python3.12/site-packages/airflow/example_dags/example_bash_decorator.py
[2024-04-16T23:35:06.367+0000] {logging_mixin.py:188} INFO - [2024-04-16T23:35:06.366+0000] {dag.py:3096} INFO - Sync 1 DAGs
[2024-04-16T23:35:06.376+0000] {logging_mixin.py:188} INFO - [2024-04-16T23:35:06.375+0000] {dag.py:3954} INFO - Setting next_dagrun for example_bash_decorator to None, run_after=None
[2024-04-16T23:35:06.419+0000] {processor.py:183} INFO - Processing /home/airflow/.local/lib/python3.12/site-packages/airflow/example_dags/example_bash_decorator.py took 0.153 seconds
[2024-04-16T23:35:36.458+0000] {processor.py:161} INFO - Started process (PID=158) to work on /home/airflow/.local/lib/python3.12/site-packages/airflow/example_dags/example_bash_decorator.py
[2024-04-16T23:35:36.459+0000] {processor.py:830} INFO - Processing file /home/airflow/.local/lib/python3.12/site-packages/airflow/example_dags/example_bash_decorator.py for tasks to queue
[2024-04-16T23:35:36.460+0000] {logging_mixin.py:188} INFO - [2024-04-16T23:35:36.460+0000] {dagbag.py:540} INFO - Filling up the DagBag from /home/airflow/.local/lib/python3.12/site-packages/airflow/example_dags/example_bash_decorator.py
[2024-04-16T23:35:36.471+0000] {processor.py:840} INFO - DAG(s) 'example_bash_decorator' retrieved from /home/airflow/.local/lib/python3.12/site-packages/airflow/example_dags/example_bash_decorator.py
[2024-04-16T23:35:36.491+0000] {logging_mixin.py:188} INFO - [2024-04-16T23:35:36.491+0000] {dag.py:3096} INFO - Sync 1 DAGs
[2024-04-16T23:35:36.503+0000] {logging_mixin.py:188} INFO - [2024-04-16T23:35:36.503+0000] {dag.py:3954} INFO - Setting next_dagrun for example_bash_decorator to None, run_after=None
[2024-04-16T23:35:36.518+0000] {processor.py:183} INFO - Processing /home/airflow/.local/lib/python3.12/site-packages/airflow/example_dags/example_bash_decorator.py took 0.064 seconds
