[2024-04-16T23:34:34.808+0000] {processor.py:161} INFO - Started process (PID=36) to work on /home/airflow/.local/lib/python3.12/site-packages/airflow/example_dags/example_latest_only.py
[2024-04-16T23:34:34.809+0000] {processor.py:830} INFO - Processing file /home/airflow/.local/lib/python3.12/site-packages/airflow/example_dags/example_latest_only.py for tasks to queue
[2024-04-16T23:34:34.811+0000] {logging_mixin.py:188} INFO - [2024-04-16T23:34:34.810+0000] {dagbag.py:540} INFO - Filling up the DagBag from /home/airflow/.local/lib/python3.12/site-packages/airflow/example_dags/example_latest_only.py
[2024-04-16T23:34:34.829+0000] {processor.py:840} INFO - DAG(s) 'latest_only' retrieved from /home/airflow/.local/lib/python3.12/site-packages/airflow/example_dags/example_latest_only.py
[2024-04-16T23:34:34.852+0000] {logging_mixin.py:188} INFO - [2024-04-16T23:34:34.852+0000] {dag.py:3096} INFO - Sync 1 DAGs
[2024-04-16T23:34:34.873+0000] {logging_mixin.py:188} INFO - [2024-04-16T23:34:34.873+0000] {dag.py:3954} INFO - Setting next_dagrun for latest_only to 2024-04-16 16:00:00+00:00, run_after=2024-04-16 20:00:00+00:00
[2024-04-16T23:34:34.891+0000] {processor.py:183} INFO - Processing /home/airflow/.local/lib/python3.12/site-packages/airflow/example_dags/example_latest_only.py took 0.088 seconds
[2024-04-16T23:35:05.667+0000] {processor.py:161} INFO - Started process (PID=94) to work on /home/airflow/.local/lib/python3.12/site-packages/airflow/example_dags/example_latest_only.py
[2024-04-16T23:35:05.694+0000] {processor.py:830} INFO - Processing file /home/airflow/.local/lib/python3.12/site-packages/airflow/example_dags/example_latest_only.py for tasks to queue
[2024-04-16T23:35:05.695+0000] {logging_mixin.py:188} INFO - [2024-04-16T23:35:05.695+0000] {dagbag.py:540} INFO - Filling up the DagBag from /home/airflow/.local/lib/python3.12/site-packages/airflow/example_dags/example_latest_only.py
[2024-04-16T23:35:05.710+0000] {processor.py:840} INFO - DAG(s) 'latest_only' retrieved from /home/airflow/.local/lib/python3.12/site-packages/airflow/example_dags/example_latest_only.py
[2024-04-16T23:35:05.873+0000] {logging_mixin.py:188} INFO - [2024-04-16T23:35:05.873+0000] {dag.py:3096} INFO - Sync 1 DAGs
[2024-04-16T23:35:05.889+0000] {logging_mixin.py:188} INFO - [2024-04-16T23:35:05.888+0000] {dag.py:3954} INFO - Setting next_dagrun for latest_only to 2024-04-16 16:00:00+00:00, run_after=2024-04-16 20:00:00+00:00
[2024-04-16T23:35:05.905+0000] {processor.py:183} INFO - Processing /home/airflow/.local/lib/python3.12/site-packages/airflow/example_dags/example_latest_only.py took 0.243 seconds
[2024-04-16T23:35:36.221+0000] {processor.py:161} INFO - Started process (PID=152) to work on /home/airflow/.local/lib/python3.12/site-packages/airflow/example_dags/example_latest_only.py
[2024-04-16T23:35:36.227+0000] {processor.py:830} INFO - Processing file /home/airflow/.local/lib/python3.12/site-packages/airflow/example_dags/example_latest_only.py for tasks to queue
[2024-04-16T23:35:36.228+0000] {logging_mixin.py:188} INFO - [2024-04-16T23:35:36.228+0000] {dagbag.py:540} INFO - Filling up the DagBag from /home/airflow/.local/lib/python3.12/site-packages/airflow/example_dags/example_latest_only.py
[2024-04-16T23:35:36.232+0000] {processor.py:840} INFO - DAG(s) 'latest_only' retrieved from /home/airflow/.local/lib/python3.12/site-packages/airflow/example_dags/example_latest_only.py
[2024-04-16T23:35:36.248+0000] {logging_mixin.py:188} INFO - [2024-04-16T23:35:36.248+0000] {dag.py:3096} INFO - Sync 1 DAGs
[2024-04-16T23:35:36.266+0000] {logging_mixin.py:188} INFO - [2024-04-16T23:35:36.266+0000] {dag.py:3954} INFO - Setting next_dagrun for latest_only to 2024-04-16 16:00:00+00:00, run_after=2024-04-16 20:00:00+00:00
[2024-04-16T23:35:36.280+0000] {processor.py:183} INFO - Processing /home/airflow/.local/lib/python3.12/site-packages/airflow/example_dags/example_latest_only.py took 0.062 seconds
