[2024-04-16T23:34:36.184+0000] {processor.py:161} INFO - Started process (PID=59) to work on /home/airflow/.local/lib/python3.12/site-packages/airflow/example_dags/example_datasets.py
[2024-04-16T23:34:36.184+0000] {processor.py:830} INFO - Processing file /home/airflow/.local/lib/python3.12/site-packages/airflow/example_dags/example_datasets.py for tasks to queue
[2024-04-16T23:34:36.186+0000] {logging_mixin.py:188} INFO - [2024-04-16T23:34:36.185+0000] {dagbag.py:540} INFO - Filling up the DagBag from /home/airflow/.local/lib/python3.12/site-packages/airflow/example_dags/example_datasets.py
[2024-04-16T23:34:36.200+0000] {processor.py:840} INFO - DAG(s) 'dataset_produces_1', 'consume_1_or_both_2_and_3_with_dataset_expressions', 'dataset_consumes_1_and_2', 'dataset_produces_2', 'consume_1_or_2_with_dataset_expressions', 'consume_1_and_2_with_dataset_expressions', 'conditional_dataset_and_time_based_timetable', 'dataset_consumes_unknown_never_scheduled', 'dataset_consumes_1_never_scheduled', 'dataset_consumes_1' retrieved from /home/airflow/.local/lib/python3.12/site-packages/airflow/example_dags/example_datasets.py
[2024-04-16T23:34:36.214+0000] {logging_mixin.py:188} INFO - [2024-04-16T23:34:36.214+0000] {dag.py:3096} INFO - Sync 10 DAGs
[2024-04-16T23:34:36.239+0000] {logging_mixin.py:188} INFO - [2024-04-16T23:34:36.239+0000] {dag.py:3954} INFO - Setting next_dagrun for conditional_dataset_and_time_based_timetable to 2024-04-10 01:00:00+00:00, run_after=2024-04-10 01:00:00+00:00
[2024-04-16T23:34:36.243+0000] {logging_mixin.py:188} INFO - [2024-04-16T23:34:36.243+0000] {dag.py:3954} INFO - Setting next_dagrun for consume_1_and_2_with_dataset_expressions to None, run_after=None
[2024-04-16T23:34:36.244+0000] {logging_mixin.py:188} INFO - [2024-04-16T23:34:36.244+0000] {dag.py:3954} INFO - Setting next_dagrun for consume_1_or_2_with_dataset_expressions to None, run_after=None
[2024-04-16T23:34:36.245+0000] {logging_mixin.py:188} INFO - [2024-04-16T23:34:36.245+0000] {dag.py:3954} INFO - Setting next_dagrun for consume_1_or_both_2_and_3_with_dataset_expressions to None, run_after=None
[2024-04-16T23:34:36.247+0000] {logging_mixin.py:188} INFO - [2024-04-16T23:34:36.246+0000] {dag.py:3954} INFO - Setting next_dagrun for dataset_consumes_1 to None, run_after=None
[2024-04-16T23:34:36.248+0000] {logging_mixin.py:188} INFO - [2024-04-16T23:34:36.248+0000] {dag.py:3954} INFO - Setting next_dagrun for dataset_consumes_1_and_2 to None, run_after=None
[2024-04-16T23:34:36.250+0000] {logging_mixin.py:188} INFO - [2024-04-16T23:34:36.249+0000] {dag.py:3954} INFO - Setting next_dagrun for dataset_consumes_1_never_scheduled to None, run_after=None
[2024-04-16T23:34:36.251+0000] {logging_mixin.py:188} INFO - [2024-04-16T23:34:36.250+0000] {dag.py:3954} INFO - Setting next_dagrun for dataset_consumes_unknown_never_scheduled to None, run_after=None
[2024-04-16T23:34:36.253+0000] {logging_mixin.py:188} INFO - [2024-04-16T23:34:36.253+0000] {dag.py:3954} INFO - Setting next_dagrun for dataset_produces_1 to 2024-04-15 00:00:00+00:00, run_after=2024-04-16 00:00:00+00:00
[2024-04-16T23:34:36.254+0000] {logging_mixin.py:188} INFO - [2024-04-16T23:34:36.254+0000] {dag.py:3954} INFO - Setting next_dagrun for dataset_produces_2 to None, run_after=None
[2024-04-16T23:34:36.375+0000] {processor.py:183} INFO - Processing /home/airflow/.local/lib/python3.12/site-packages/airflow/example_dags/example_datasets.py took 0.197 seconds
[2024-04-16T23:35:07.731+0000] {processor.py:161} INFO - Started process (PID=117) to work on /home/airflow/.local/lib/python3.12/site-packages/airflow/example_dags/example_datasets.py
[2024-04-16T23:35:07.732+0000] {processor.py:830} INFO - Processing file /home/airflow/.local/lib/python3.12/site-packages/airflow/example_dags/example_datasets.py for tasks to queue
[2024-04-16T23:35:07.733+0000] {logging_mixin.py:188} INFO - [2024-04-16T23:35:07.733+0000] {dagbag.py:540} INFO - Filling up the DagBag from /home/airflow/.local/lib/python3.12/site-packages/airflow/example_dags/example_datasets.py
[2024-04-16T23:35:07.746+0000] {processor.py:840} INFO - DAG(s) 'dataset_produces_1', 'consume_1_or_both_2_and_3_with_dataset_expressions', 'dataset_consumes_1_never_scheduled', 'dataset_produces_2', 'dataset_consumes_unknown_never_scheduled', 'dataset_consumes_1', 'dataset_consumes_1_and_2', 'consume_1_and_2_with_dataset_expressions', 'consume_1_or_2_with_dataset_expressions', 'conditional_dataset_and_time_based_timetable' retrieved from /home/airflow/.local/lib/python3.12/site-packages/airflow/example_dags/example_datasets.py
[2024-04-16T23:35:07.902+0000] {logging_mixin.py:188} INFO - [2024-04-16T23:35:07.902+0000] {dag.py:3096} INFO - Sync 10 DAGs
[2024-04-16T23:35:07.921+0000] {logging_mixin.py:188} INFO - [2024-04-16T23:35:07.921+0000] {dag.py:3954} INFO - Setting next_dagrun for conditional_dataset_and_time_based_timetable to 2024-04-10 01:00:00+00:00, run_after=2024-04-10 01:00:00+00:00
[2024-04-16T23:35:07.924+0000] {logging_mixin.py:188} INFO - [2024-04-16T23:35:07.924+0000] {dag.py:3954} INFO - Setting next_dagrun for consume_1_and_2_with_dataset_expressions to None, run_after=None
[2024-04-16T23:35:07.925+0000] {logging_mixin.py:188} INFO - [2024-04-16T23:35:07.925+0000] {dag.py:3954} INFO - Setting next_dagrun for consume_1_or_2_with_dataset_expressions to None, run_after=None
[2024-04-16T23:35:07.926+0000] {logging_mixin.py:188} INFO - [2024-04-16T23:35:07.926+0000] {dag.py:3954} INFO - Setting next_dagrun for consume_1_or_both_2_and_3_with_dataset_expressions to None, run_after=None
[2024-04-16T23:35:07.927+0000] {logging_mixin.py:188} INFO - [2024-04-16T23:35:07.926+0000] {dag.py:3954} INFO - Setting next_dagrun for dataset_consumes_1 to None, run_after=None
[2024-04-16T23:35:07.928+0000] {logging_mixin.py:188} INFO - [2024-04-16T23:35:07.927+0000] {dag.py:3954} INFO - Setting next_dagrun for dataset_consumes_1_and_2 to None, run_after=None
[2024-04-16T23:35:07.928+0000] {logging_mixin.py:188} INFO - [2024-04-16T23:35:07.928+0000] {dag.py:3954} INFO - Setting next_dagrun for dataset_consumes_1_never_scheduled to None, run_after=None
[2024-04-16T23:35:07.929+0000] {logging_mixin.py:188} INFO - [2024-04-16T23:35:07.929+0000] {dag.py:3954} INFO - Setting next_dagrun for dataset_consumes_unknown_never_scheduled to None, run_after=None
[2024-04-16T23:35:07.931+0000] {logging_mixin.py:188} INFO - [2024-04-16T23:35:07.931+0000] {dag.py:3954} INFO - Setting next_dagrun for dataset_produces_1 to 2024-04-15 00:00:00+00:00, run_after=2024-04-16 00:00:00+00:00
[2024-04-16T23:35:07.932+0000] {logging_mixin.py:188} INFO - [2024-04-16T23:35:07.932+0000] {dag.py:3954} INFO - Setting next_dagrun for dataset_produces_2 to None, run_after=None
[2024-04-16T23:35:07.961+0000] {processor.py:183} INFO - Processing /home/airflow/.local/lib/python3.12/site-packages/airflow/example_dags/example_datasets.py took 0.234 seconds
[2024-04-16T23:35:38.175+0000] {processor.py:161} INFO - Started process (PID=175) to work on /home/airflow/.local/lib/python3.12/site-packages/airflow/example_dags/example_datasets.py
[2024-04-16T23:35:38.176+0000] {processor.py:830} INFO - Processing file /home/airflow/.local/lib/python3.12/site-packages/airflow/example_dags/example_datasets.py for tasks to queue
[2024-04-16T23:35:38.177+0000] {logging_mixin.py:188} INFO - [2024-04-16T23:35:38.177+0000] {dagbag.py:540} INFO - Filling up the DagBag from /home/airflow/.local/lib/python3.12/site-packages/airflow/example_dags/example_datasets.py
[2024-04-16T23:35:38.188+0000] {processor.py:840} INFO - DAG(s) 'conditional_dataset_and_time_based_timetable', 'consume_1_or_2_with_dataset_expressions', 'dataset_consumes_1_never_scheduled', 'dataset_consumes_1', 'consume_1_and_2_with_dataset_expressions', 'consume_1_or_both_2_and_3_with_dataset_expressions', 'dataset_produces_2', 'dataset_produces_1', 'dataset_consumes_unknown_never_scheduled', 'dataset_consumes_1_and_2' retrieved from /home/airflow/.local/lib/python3.12/site-packages/airflow/example_dags/example_datasets.py
[2024-04-16T23:35:38.224+0000] {logging_mixin.py:188} INFO - [2024-04-16T23:35:38.223+0000] {dag.py:3096} INFO - Sync 10 DAGs
[2024-04-16T23:35:38.244+0000] {logging_mixin.py:188} INFO - [2024-04-16T23:35:38.244+0000] {dag.py:3954} INFO - Setting next_dagrun for conditional_dataset_and_time_based_timetable to 2024-04-10 01:00:00+00:00, run_after=2024-04-10 01:00:00+00:00
[2024-04-16T23:35:38.247+0000] {logging_mixin.py:188} INFO - [2024-04-16T23:35:38.247+0000] {dag.py:3954} INFO - Setting next_dagrun for consume_1_and_2_with_dataset_expressions to None, run_after=None
[2024-04-16T23:35:38.248+0000] {logging_mixin.py:188} INFO - [2024-04-16T23:35:38.248+0000] {dag.py:3954} INFO - Setting next_dagrun for consume_1_or_2_with_dataset_expressions to None, run_after=None
[2024-04-16T23:35:38.249+0000] {logging_mixin.py:188} INFO - [2024-04-16T23:35:38.249+0000] {dag.py:3954} INFO - Setting next_dagrun for consume_1_or_both_2_and_3_with_dataset_expressions to None, run_after=None
[2024-04-16T23:35:38.249+0000] {logging_mixin.py:188} INFO - [2024-04-16T23:35:38.249+0000] {dag.py:3954} INFO - Setting next_dagrun for dataset_consumes_1 to None, run_after=None
[2024-04-16T23:35:38.250+0000] {logging_mixin.py:188} INFO - [2024-04-16T23:35:38.250+0000] {dag.py:3954} INFO - Setting next_dagrun for dataset_consumes_1_and_2 to None, run_after=None
[2024-04-16T23:35:38.251+0000] {logging_mixin.py:188} INFO - [2024-04-16T23:35:38.251+0000] {dag.py:3954} INFO - Setting next_dagrun for dataset_consumes_1_never_scheduled to None, run_after=None
[2024-04-16T23:35:38.252+0000] {logging_mixin.py:188} INFO - [2024-04-16T23:35:38.252+0000] {dag.py:3954} INFO - Setting next_dagrun for dataset_consumes_unknown_never_scheduled to None, run_after=None
[2024-04-16T23:35:38.254+0000] {logging_mixin.py:188} INFO - [2024-04-16T23:35:38.254+0000] {dag.py:3954} INFO - Setting next_dagrun for dataset_produces_1 to 2024-04-15 00:00:00+00:00, run_after=2024-04-16 00:00:00+00:00
[2024-04-16T23:35:38.255+0000] {logging_mixin.py:188} INFO - [2024-04-16T23:35:38.255+0000] {dag.py:3954} INFO - Setting next_dagrun for dataset_produces_2 to None, run_after=None
[2024-04-16T23:35:38.282+0000] {processor.py:183} INFO - Processing /home/airflow/.local/lib/python3.12/site-packages/airflow/example_dags/example_datasets.py took 0.111 seconds
