[2024-04-16T23:34:37.209+0000] {processor.py:161} INFO - Started process (PID=75) to work on /home/airflow/.local/lib/python3.12/site-packages/airflow/example_dags/example_setup_teardown_taskflow.py
[2024-04-16T23:34:37.210+0000] {processor.py:830} INFO - Processing file /home/airflow/.local/lib/python3.12/site-packages/airflow/example_dags/example_setup_teardown_taskflow.py for tasks to queue
[2024-04-16T23:34:37.211+0000] {logging_mixin.py:188} INFO - [2024-04-16T23:34:37.211+0000] {dagbag.py:540} INFO - Filling up the DagBag from /home/airflow/.local/lib/python3.12/site-packages/airflow/example_dags/example_setup_teardown_taskflow.py
[2024-04-16T23:34:37.220+0000] {processor.py:840} INFO - DAG(s) 'example_setup_teardown_taskflow' retrieved from /home/airflow/.local/lib/python3.12/site-packages/airflow/example_dags/example_setup_teardown_taskflow.py
[2024-04-16T23:34:37.229+0000] {logging_mixin.py:188} INFO - [2024-04-16T23:34:37.229+0000] {dag.py:3096} INFO - Sync 1 DAGs
[2024-04-16T23:34:37.248+0000] {logging_mixin.py:188} INFO - [2024-04-16T23:34:37.247+0000] {dag.py:3954} INFO - Setting next_dagrun for example_setup_teardown_taskflow to 2024-04-15 00:00:00+00:00, run_after=2024-04-16 00:00:00+00:00
[2024-04-16T23:34:37.263+0000] {processor.py:183} INFO - Processing /home/airflow/.local/lib/python3.12/site-packages/airflow/example_dags/example_setup_teardown_taskflow.py took 0.059 seconds
[2024-04-16T23:35:08.946+0000] {processor.py:161} INFO - Started process (PID=133) to work on /home/airflow/.local/lib/python3.12/site-packages/airflow/example_dags/example_setup_teardown_taskflow.py
[2024-04-16T23:35:08.947+0000] {processor.py:830} INFO - Processing file /home/airflow/.local/lib/python3.12/site-packages/airflow/example_dags/example_setup_teardown_taskflow.py for tasks to queue
[2024-04-16T23:35:08.948+0000] {logging_mixin.py:188} INFO - [2024-04-16T23:35:08.948+0000] {dagbag.py:540} INFO - Filling up the DagBag from /home/airflow/.local/lib/python3.12/site-packages/airflow/example_dags/example_setup_teardown_taskflow.py
[2024-04-16T23:35:08.955+0000] {processor.py:840} INFO - DAG(s) 'example_setup_teardown_taskflow' retrieved from /home/airflow/.local/lib/python3.12/site-packages/airflow/example_dags/example_setup_teardown_taskflow.py
[2024-04-16T23:35:09.041+0000] {logging_mixin.py:188} INFO - [2024-04-16T23:35:09.041+0000] {dag.py:3096} INFO - Sync 1 DAGs
[2024-04-16T23:35:09.056+0000] {logging_mixin.py:188} INFO - [2024-04-16T23:35:09.056+0000] {dag.py:3954} INFO - Setting next_dagrun for example_setup_teardown_taskflow to 2024-04-15 00:00:00+00:00, run_after=2024-04-16 00:00:00+00:00
[2024-04-16T23:35:09.076+0000] {processor.py:183} INFO - Processing /home/airflow/.local/lib/python3.12/site-packages/airflow/example_dags/example_setup_teardown_taskflow.py took 0.134 seconds
[2024-04-16T23:35:39.971+0000] {processor.py:161} INFO - Started process (PID=191) to work on /home/airflow/.local/lib/python3.12/site-packages/airflow/example_dags/example_setup_teardown_taskflow.py
[2024-04-16T23:35:39.972+0000] {processor.py:830} INFO - Processing file /home/airflow/.local/lib/python3.12/site-packages/airflow/example_dags/example_setup_teardown_taskflow.py for tasks to queue
[2024-04-16T23:35:39.973+0000] {logging_mixin.py:188} INFO - [2024-04-16T23:35:39.973+0000] {dagbag.py:540} INFO - Filling up the DagBag from /home/airflow/.local/lib/python3.12/site-packages/airflow/example_dags/example_setup_teardown_taskflow.py
[2024-04-16T23:35:39.981+0000] {processor.py:840} INFO - DAG(s) 'example_setup_teardown_taskflow' retrieved from /home/airflow/.local/lib/python3.12/site-packages/airflow/example_dags/example_setup_teardown_taskflow.py
[2024-04-16T23:35:39.998+0000] {logging_mixin.py:188} INFO - [2024-04-16T23:35:39.998+0000] {dag.py:3096} INFO - Sync 1 DAGs
[2024-04-16T23:35:40.017+0000] {logging_mixin.py:188} INFO - [2024-04-16T23:35:40.017+0000] {dag.py:3954} INFO - Setting next_dagrun for example_setup_teardown_taskflow to 2024-04-15 00:00:00+00:00, run_after=2024-04-16 00:00:00+00:00
[2024-04-16T23:35:40.033+0000] {processor.py:183} INFO - Processing /home/airflow/.local/lib/python3.12/site-packages/airflow/example_dags/example_setup_teardown_taskflow.py took 0.066 seconds
