[2024-04-16T23:34:37.202+0000] {processor.py:161} INFO - Started process (PID=74) to work on /home/airflow/.local/lib/python3.12/site-packages/airflow/example_dags/tutorial_dag.py
[2024-04-16T23:34:37.202+0000] {processor.py:830} INFO - Processing file /home/airflow/.local/lib/python3.12/site-packages/airflow/example_dags/tutorial_dag.py for tasks to queue
[2024-04-16T23:34:37.204+0000] {logging_mixin.py:188} INFO - [2024-04-16T23:34:37.203+0000] {dagbag.py:540} INFO - Filling up the DagBag from /home/airflow/.local/lib/python3.12/site-packages/airflow/example_dags/tutorial_dag.py
[2024-04-16T23:34:37.208+0000] {processor.py:840} INFO - DAG(s) 'tutorial_dag' retrieved from /home/airflow/.local/lib/python3.12/site-packages/airflow/example_dags/tutorial_dag.py
[2024-04-16T23:34:37.218+0000] {logging_mixin.py:188} INFO - [2024-04-16T23:34:37.218+0000] {dag.py:3096} INFO - Sync 1 DAGs
[2024-04-16T23:34:37.229+0000] {logging_mixin.py:188} INFO - [2024-04-16T23:34:37.229+0000] {dag.py:3954} INFO - Setting next_dagrun for tutorial_dag to None, run_after=None
[2024-04-16T23:34:37.244+0000] {processor.py:183} INFO - Processing /home/airflow/.local/lib/python3.12/site-packages/airflow/example_dags/tutorial_dag.py took 0.046 seconds
[2024-04-16T23:35:08.932+0000] {processor.py:161} INFO - Started process (PID=132) to work on /home/airflow/.local/lib/python3.12/site-packages/airflow/example_dags/tutorial_dag.py
[2024-04-16T23:35:08.933+0000] {processor.py:830} INFO - Processing file /home/airflow/.local/lib/python3.12/site-packages/airflow/example_dags/tutorial_dag.py for tasks to queue
[2024-04-16T23:35:08.934+0000] {logging_mixin.py:188} INFO - [2024-04-16T23:35:08.934+0000] {dagbag.py:540} INFO - Filling up the DagBag from /home/airflow/.local/lib/python3.12/site-packages/airflow/example_dags/tutorial_dag.py
[2024-04-16T23:35:08.938+0000] {processor.py:840} INFO - DAG(s) 'tutorial_dag' retrieved from /home/airflow/.local/lib/python3.12/site-packages/airflow/example_dags/tutorial_dag.py
[2024-04-16T23:35:09.021+0000] {logging_mixin.py:188} INFO - [2024-04-16T23:35:09.021+0000] {dag.py:3096} INFO - Sync 1 DAGs
[2024-04-16T23:35:09.029+0000] {logging_mixin.py:188} INFO - [2024-04-16T23:35:09.029+0000] {dag.py:3954} INFO - Setting next_dagrun for tutorial_dag to None, run_after=None
[2024-04-16T23:35:09.074+0000] {processor.py:183} INFO - Processing /home/airflow/.local/lib/python3.12/site-packages/airflow/example_dags/tutorial_dag.py took 0.146 seconds
[2024-04-16T23:35:39.952+0000] {processor.py:161} INFO - Started process (PID=190) to work on /home/airflow/.local/lib/python3.12/site-packages/airflow/example_dags/tutorial_dag.py
[2024-04-16T23:35:39.953+0000] {processor.py:830} INFO - Processing file /home/airflow/.local/lib/python3.12/site-packages/airflow/example_dags/tutorial_dag.py for tasks to queue
[2024-04-16T23:35:39.954+0000] {logging_mixin.py:188} INFO - [2024-04-16T23:35:39.954+0000] {dagbag.py:540} INFO - Filling up the DagBag from /home/airflow/.local/lib/python3.12/site-packages/airflow/example_dags/tutorial_dag.py
[2024-04-16T23:35:39.958+0000] {processor.py:840} INFO - DAG(s) 'tutorial_dag' retrieved from /home/airflow/.local/lib/python3.12/site-packages/airflow/example_dags/tutorial_dag.py
[2024-04-16T23:35:39.973+0000] {logging_mixin.py:188} INFO - [2024-04-16T23:35:39.973+0000] {dag.py:3096} INFO - Sync 1 DAGs
[2024-04-16T23:35:39.984+0000] {logging_mixin.py:188} INFO - [2024-04-16T23:35:39.984+0000] {dag.py:3954} INFO - Setting next_dagrun for tutorial_dag to None, run_after=None
[2024-04-16T23:35:40.000+0000] {processor.py:183} INFO - Processing /home/airflow/.local/lib/python3.12/site-packages/airflow/example_dags/tutorial_dag.py took 0.052 seconds
