[2024-04-16T23:34:35.180+0000] {processor.py:161} INFO - Started process (PID=43) to work on /home/airflow/.local/lib/python3.12/site-packages/airflow/example_dags/tutorial.py
[2024-04-16T23:34:35.180+0000] {processor.py:830} INFO - Processing file /home/airflow/.local/lib/python3.12/site-packages/airflow/example_dags/tutorial.py for tasks to queue
[2024-04-16T23:34:35.182+0000] {logging_mixin.py:188} INFO - [2024-04-16T23:34:35.181+0000] {dagbag.py:540} INFO - Filling up the DagBag from /home/airflow/.local/lib/python3.12/site-packages/airflow/example_dags/tutorial.py
[2024-04-16T23:34:35.189+0000] {processor.py:840} INFO - DAG(s) 'tutorial' retrieved from /home/airflow/.local/lib/python3.12/site-packages/airflow/example_dags/tutorial.py
[2024-04-16T23:34:35.197+0000] {logging_mixin.py:188} INFO - [2024-04-16T23:34:35.197+0000] {dag.py:3096} INFO - Sync 1 DAGs
[2024-04-16T23:34:35.218+0000] {logging_mixin.py:188} INFO - [2024-04-16T23:34:35.218+0000] {dag.py:3954} INFO - Setting next_dagrun for tutorial to 2024-04-15 00:00:00+00:00, run_after=2024-04-16 00:00:00+00:00
[2024-04-16T23:34:35.234+0000] {processor.py:183} INFO - Processing /home/airflow/.local/lib/python3.12/site-packages/airflow/example_dags/tutorial.py took 0.059 seconds
[2024-04-16T23:35:06.422+0000] {processor.py:161} INFO - Started process (PID=101) to work on /home/airflow/.local/lib/python3.12/site-packages/airflow/example_dags/tutorial.py
[2024-04-16T23:35:06.423+0000] {processor.py:830} INFO - Processing file /home/airflow/.local/lib/python3.12/site-packages/airflow/example_dags/tutorial.py for tasks to queue
[2024-04-16T23:35:06.424+0000] {logging_mixin.py:188} INFO - [2024-04-16T23:35:06.424+0000] {dagbag.py:540} INFO - Filling up the DagBag from /home/airflow/.local/lib/python3.12/site-packages/airflow/example_dags/tutorial.py
[2024-04-16T23:35:06.429+0000] {processor.py:840} INFO - DAG(s) 'tutorial' retrieved from /home/airflow/.local/lib/python3.12/site-packages/airflow/example_dags/tutorial.py
[2024-04-16T23:35:06.509+0000] {logging_mixin.py:188} INFO - [2024-04-16T23:35:06.509+0000] {dag.py:3096} INFO - Sync 1 DAGs
[2024-04-16T23:35:06.524+0000] {logging_mixin.py:188} INFO - [2024-04-16T23:35:06.524+0000] {dag.py:3954} INFO - Setting next_dagrun for tutorial to 2024-04-15 00:00:00+00:00, run_after=2024-04-16 00:00:00+00:00
[2024-04-16T23:35:06.540+0000] {processor.py:183} INFO - Processing /home/airflow/.local/lib/python3.12/site-packages/airflow/example_dags/tutorial.py took 0.123 seconds
[2024-04-16T23:35:37.524+0000] {processor.py:161} INFO - Started process (PID=159) to work on /home/airflow/.local/lib/python3.12/site-packages/airflow/example_dags/tutorial.py
[2024-04-16T23:35:37.539+0000] {processor.py:830} INFO - Processing file /home/airflow/.local/lib/python3.12/site-packages/airflow/example_dags/tutorial.py for tasks to queue
[2024-04-16T23:35:37.540+0000] {logging_mixin.py:188} INFO - [2024-04-16T23:35:37.540+0000] {dagbag.py:540} INFO - Filling up the DagBag from /home/airflow/.local/lib/python3.12/site-packages/airflow/example_dags/tutorial.py
[2024-04-16T23:35:37.544+0000] {processor.py:840} INFO - DAG(s) 'tutorial' retrieved from /home/airflow/.local/lib/python3.12/site-packages/airflow/example_dags/tutorial.py
[2024-04-16T23:35:37.559+0000] {logging_mixin.py:188} INFO - [2024-04-16T23:35:37.559+0000] {dag.py:3096} INFO - Sync 1 DAGs
[2024-04-16T23:35:37.575+0000] {logging_mixin.py:188} INFO - [2024-04-16T23:35:37.575+0000] {dag.py:3954} INFO - Setting next_dagrun for tutorial to 2024-04-15 00:00:00+00:00, run_after=2024-04-16 00:00:00+00:00
[2024-04-16T23:35:37.591+0000] {processor.py:183} INFO - Processing /home/airflow/.local/lib/python3.12/site-packages/airflow/example_dags/tutorial.py took 0.072 seconds
